<?xml version="1.0" encoding="utf-8"?><testsuites name="pytest tests"><testsuite name="pytest" errors="0" failures="0" skipped="0" tests="16" time="3.645" timestamp="2026-02-27T18:44:37.458455+00:00" hostname="agent-env-645f56df-b458-41c8-916f-03451ccb37ff"><testcase classname="backend.tests.test_auth_flows.TestRegistration" name="test_register_new_user" time="0.150" /><testcase classname="backend.tests.test_auth_flows.TestRegistration" name="test_register_duplicate_email_fails" time="0.332" /><testcase classname="backend.tests.test_auth_flows.TestRegistration" name="test_register_short_password_fails" time="0.138" /><testcase classname="backend.tests.test_auth_flows.TestRegistration" name="test_register_invalid_email_fails" time="0.119" /><testcase classname="backend.tests.test_auth_flows.TestLogin" name="test_login_valid_credentials" time="0.242" /><testcase classname="backend.tests.test_auth_flows.TestLogin" name="test_login_wrong_password" time="0.238" /><testcase classname="backend.tests.test_auth_flows.TestLogin" name="test_login_nonexistent_user" time="0.119" /><testcase classname="backend.tests.test_auth_flows.TestAuthMe" name="test_auth_me_with_valid_token" time="0.223" /><testcase classname="backend.tests.test_auth_flows.TestAuthMe" name="test_auth_me_without_token" time="0.124" /><testcase classname="backend.tests.test_auth_flows.TestAuthMe" name="test_auth_me_with_invalid_token" time="0.109" /><testcase classname="backend.tests.test_auth_flows.TestLogout" name="test_logout_invalidates_session" time="0.550" /><testcase classname="backend.tests.test_auth_flows.TestSessionPersistence" name="test_token_persists_across_requests" time="0.487" /><testcase classname="backend.tests.test_auth_flows.TestProtectedEndpoints" name="test_tasks_endpoint_requires_auth" time="0.121" /><testcase classname="backend.tests.test_auth_flows.TestProtectedEndpoints" name="test_tasks_endpoint_with_auth" time="0.259" /><testcase classname="backend.tests.test_auth_flows.TestProtectedEndpoints" name="test_prospects_endpoint_requires_auth" time="0.112" /><testcase classname="backend.tests.test_auth_flows.TestProtectedEndpoints" name="test_prospects_endpoint_with_auth" time="0.252" /></testsuite></testsuites>