<?xml version="1.0" encoding="utf-8"?><testsuites name="pytest tests"><testsuite name="pytest" errors="0" failures="2" skipped="0" tests="16" time="3.899" timestamp="2026-02-27T18:41:53.519978+00:00" hostname="agent-env-645f56df-b458-41c8-916f-03451ccb37ff"><testcase classname="backend.tests.test_auth_flows.TestRegistration" name="test_register_new_user" time="0.179" /><testcase classname="backend.tests.test_auth_flows.TestRegistration" name="test_register_duplicate_email_fails" time="0.350"><failure message="AssertionError: assert 'existe déjà' in 'Un compte existant utilise déjà cette adresse email'&#10; +  where 'Un compte existant utilise déjà cette adresse email' = &lt;built-in method get of dict object at 0xfcdb42a62f40&gt;('detail', '')&#10; +    where &lt;built-in method get of dict object at 0xfcdb42a62f40&gt; = {'detail': 'Un compte existant utilise déjà cette adresse email'}.get&#10; +      where {'detail': 'Un compte existant utilise déjà cette adresse email'} = json()&#10; +        where json = &lt;Response [400]&gt;.json">backend/tests/test_auth_flows.py:57: in test_register_duplicate_email_fails
    assert "existe déjà" in response2.json().get("detail", "")
E   AssertionError: assert 'existe déjà' in 'Un compte existant utilise déjà cette adresse email'
E    +  where 'Un compte existant utilise déjà cette adresse email' = &lt;built-in method get of dict object at 0xfcdb42a62f40&gt;('detail', '')
E    +    where &lt;built-in method get of dict object at 0xfcdb42a62f40&gt; = {'detail': 'Un compte existant utilise déjà cette adresse email'}.get
E    +      where {'detail': 'Un compte existant utilise déjà cette adresse email'} = json()
E    +        where json = &lt;Response [400]&gt;.json</failure></testcase><testcase classname="backend.tests.test_auth_flows.TestRegistration" name="test_register_short_password_fails" time="0.114" /><testcase classname="backend.tests.test_auth_flows.TestRegistration" name="test_register_invalid_email_fails" time="0.129" /><testcase classname="backend.tests.test_auth_flows.TestLogin" name="test_login_valid_credentials" time="0.221" /><testcase classname="backend.tests.test_auth_flows.TestLogin" name="test_login_wrong_password" time="0.241" /><testcase classname="backend.tests.test_auth_flows.TestLogin" name="test_login_nonexistent_user" time="0.119" /><testcase classname="backend.tests.test_auth_flows.TestAuthMe" name="test_auth_me_with_valid_token" time="0.320" /><testcase classname="backend.tests.test_auth_flows.TestAuthMe" name="test_auth_me_without_token" time="0.102" /><testcase classname="backend.tests.test_auth_flows.TestAuthMe" name="test_auth_me_with_invalid_token" time="0.111" /><testcase classname="backend.tests.test_auth_flows.TestLogout" name="test_logout_invalidates_session" time="0.503"><failure message="AssertionError: Token should be invalid after logout&#10;assert 200 == 401&#10; +  where 200 = &lt;Response [200]&gt;.status_code">backend/tests/test_auth_flows.py:230: in test_logout_invalidates_session
    assert response3.status_code == 401, "Token should be invalid after logout"
E   AssertionError: Token should be invalid after logout
E   assert 200 == 401
E    +  where 200 = &lt;Response [200]&gt;.status_code</failure></testcase><testcase classname="backend.tests.test_auth_flows.TestSessionPersistence" name="test_token_persists_across_requests" time="0.583" /><testcase classname="backend.tests.test_auth_flows.TestProtectedEndpoints" name="test_tasks_endpoint_requires_auth" time="0.128" /><testcase classname="backend.tests.test_auth_flows.TestProtectedEndpoints" name="test_tasks_endpoint_with_auth" time="0.259" /><testcase classname="backend.tests.test_auth_flows.TestProtectedEndpoints" name="test_prospects_endpoint_requires_auth" time="0.120" /><testcase classname="backend.tests.test_auth_flows.TestProtectedEndpoints" name="test_prospects_endpoint_with_auth" time="0.269" /></testsuite></testsuites>