<?xml version="1.0" encoding="utf-8"?><testsuites name="pytest tests"><testsuite name="pytest" errors="0" failures="0" skipped="0" tests="11" time="3.775" timestamp="2026-02-17T15:35:50.558879+00:00" hostname="agent-env-580b705e-82cf-4570-9118-1767e0fba375"><testcase classname="backend.tests.test_bearer_auth.TestBearerTokenAuth" name="test_login_returns_token" time="0.386" /><testcase classname="backend.tests.test_bearer_auth.TestBearerTokenAuth" name="test_bearer_token_auth_me" time="0.241" /><testcase classname="backend.tests.test_bearer_auth.TestBearerTokenAuth" name="test_bearer_token_auth_tasks" time="0.366" /><testcase classname="backend.tests.test_bearer_auth.TestBearerTokenAuth" name="test_bearer_token_auth_tasks_today" time="0.259" /><testcase classname="backend.tests.test_bearer_auth.TestBearerTokenAuth" name="test_bearer_token_auth_prospects" time="0.263" /><testcase classname="backend.tests.test_bearer_auth.TestBearerTokenAuth" name="test_bearer_token_create_task" time="0.528" /><testcase classname="backend.tests.test_bearer_auth.TestBearerTokenAuth" name="test_bearer_token_complete_task" time="0.363" /><testcase classname="backend.tests.test_bearer_auth.TestLogoutClearsToken" name="test_logout_invalidates_session" time="0.371" /><testcase classname="backend.tests.test_bearer_auth.TestAccountRecovery" name="test_recover_existing_account_returns_error" time="0.128" /><testcase classname="backend.tests.test_bearer_auth.TestUnauthorizedAccess" name="test_no_token_returns_401" time="0.624" /><testcase classname="backend.tests.test_bearer_auth.TestUnauthorizedAccess" name="test_invalid_token_returns_401" time="0.138" /></testsuite></testsuites>