<?xml version="1.0" encoding="utf-8"?><testsuites name="pytest tests"><testsuite name="pytest" errors="0" failures="0" skipped="0" tests="9" time="3.515" timestamp="2026-02-18T23:54:45.460304+00:00" hostname="agent-env-6703c36d-4266-485c-90a8-0d19ea48d9e3"><testcase classname="tests.test_feature_verification.TestTaskCreation" name="test_create_task_with_date_only" time="0.459" /><testcase classname="tests.test_feature_verification.TestTaskCreation" name="test_create_task_with_date_and_time" time="0.513" /><testcase classname="tests.test_feature_verification.TestTaskCreation" name="test_create_task_with_linked_prospect" time="0.360" /><testcase classname="tests.test_feature_verification.TestProspectCreation" name="test_create_prospect_with_all_fields" time="0.333" /><testcase classname="tests.test_feature_verification.TestProspectCreation" name="test_create_prospect_email_required" time="0.350" /><testcase classname="tests.test_feature_verification.TestTodayTasks" name="test_today_tasks_returns_tasks_due_today_or_overdue" time="0.231" /><testcase classname="tests.test_feature_verification.TestPasswordChange" name="test_change_password_wrong_current" time="0.274" /><testcase classname="tests.test_feature_verification.TestPasswordChange" name="test_change_password_too_short" time="0.229" /><testcase classname="tests.test_feature_verification.TestNavigation" name="test_all_main_endpoints_accessible" time="0.706" /></testsuite></testsuites>