<?xml version="1.0" encoding="utf-8"?><testsuites name="pytest tests"><testsuite name="pytest" errors="0" failures="0" skipped="0" tests="9" time="3.915" timestamp="2026-06-22T11:12:19.124900+00:00" hostname="agent-env-44a0f593-dee2-4bc8-9825-9851f0c9c3a8"><testcase classname="backend.tests.test_iteration_38" name="test_vapid_public_key" time="0.228" /><testcase classname="backend.tests.test_iteration_38" name="test_google_client_id" time="0.115" /><testcase classname="backend.tests.test_iteration_38" name="test_v2_test_push_no_subscription" time="0.792" /><testcase classname="backend.tests.test_iteration_38" name="test_v2_test_push_with_subscription" time="0.371" /><testcase classname="backend.tests.test_iteration_38" name="test_v2_reminder_today_no_500" time="0.183" /><testcase classname="backend.tests.test_iteration_38" name="test_v2_reminder_today_with_subscription_no_500" time="0.157" /><testcase classname="backend.tests.test_iteration_38" name="test_v2_bearer_works_with_notifications_subscribe" time="0.172" /><testcase classname="backend.tests.test_iteration_38" name="test_scheduler_aggregates_v1_v2" time="1.129" /><testcase classname="backend.tests.test_iteration_38" name="test_cleanup_reminders" time="0.656" /></testsuite></testsuites>