<?xml version="1.0" encoding="utf-8"?><testsuites name="pytest tests"><testsuite name="pytest" errors="0" failures="0" skipped="0" tests="18" time="2.520" timestamp="2026-06-03T12:17:26.210735+00:00" hostname="agent-env-44a0f593-dee2-4bc8-9825-9851f0c9c3a8"><testcase classname="backend.tests.test_kolo_admin.TestAdminCheck" name="test_no_token" time="0.194" /><testcase classname="backend.tests.test_kolo_admin.TestAdminCheck" name="test_with_admin_token" time="0.138" /><testcase classname="backend.tests.test_kolo_admin.TestAdminCheck" name="test_with_normal_token" time="0.122" /><testcase classname="backend.tests.test_kolo_admin.TestAdminStats" name="test_stats_admin" time="0.118" /><testcase classname="backend.tests.test_kolo_admin.TestAdminStats" name="test_stats_no_auth" time="0.116" /><testcase classname="backend.tests.test_kolo_admin.TestAdminStats" name="test_stats_normal_user_forbidden" time="0.122" /><testcase classname="backend.tests.test_kolo_admin.TestAdminLeads" name="test_list_leads_admin" time="0.114" /><testcase classname="backend.tests.test_kolo_admin.TestAdminLeads" name="test_list_leads_filter_new" time="0.152" /><testcase classname="backend.tests.test_kolo_admin.TestAdminLeads" name="test_list_leads_forbidden" time="0.123" /><testcase classname="backend.tests.test_kolo_admin.TestAdminLeads" name="test_patch_lead_update" time="0.220" /><testcase classname="backend.tests.test_kolo_admin.TestAdminLeads" name="test_patch_lead_invalid_status" time="0.107" /><testcase classname="backend.tests.test_kolo_admin.TestAdminLeads" name="test_patch_lead_not_found" time="0.120" /><testcase classname="backend.tests.test_kolo_admin.TestAdminUsers" name="test_list_users_admin" time="0.109" /><testcase classname="backend.tests.test_kolo_admin.TestAdminUsers" name="test_list_users_search_admin" time="0.111" /><testcase classname="backend.tests.test_kolo_admin.TestAdminUsers" name="test_list_users_status_filter" time="0.107" /><testcase classname="backend.tests.test_kolo_admin.TestAdminUsers" name="test_list_users_forbidden" time="0.125" /><testcase classname="backend.tests.test_kolo_admin.TestAuthMeSuperAdmin" name="test_me_admin_has_flag" time="0.109" /><testcase classname="backend.tests.test_kolo_admin.TestAuthMeSuperAdmin" name="test_me_normal_user_flag_false" time="0.120" /></testsuite></testsuites>