<?xml version="1.0" encoding="utf-8"?><testsuites name="pytest tests"><testsuite name="pytest" errors="0" failures="0" skipped="0" tests="6" time="0.840" timestamp="2026-06-04T09:34:00.177580+00:00" hostname="agent-env-44a0f593-dee2-4bc8-9825-9851f0c9c3a8"><testcase classname="backend.tests.test_iteration_29.TestAuth" name="test_super_admin_login_returns_200_and_token" time="0.258" /><testcase classname="backend.tests.test_iteration_29.TestAuth" name="test_google_client_id_configured" time="0.053" /><testcase classname="backend.tests.test_iteration_29.TestAuth" name="test_google_exchange_invalid_code_returns_400" time="0.135" /><testcase classname="backend.tests.test_iteration_29.TestIntegrations" name="test_calls_log_returns_200_with_call_id" time="0.219" /><testcase classname="backend.tests.test_iteration_29.TestIntegrations" name="test_whatsapp_log_returns_200" time="0.052" /><testcase classname="backend.tests.test_iteration_29.TestIntegrations" name="test_prospect_history_returns_items_counts" time="0.050" /></testsuite></testsuites>