<?xml version="1.0" encoding="utf-8"?><testsuites name="pytest tests"><testsuite name="pytest" errors="0" failures="0" skipped="0" tests="11" time="70.318" timestamp="2026-06-22T12:12:58.677480+00:00" hostname="agent-env-44a0f593-dee2-4bc8-9825-9851f0c9c3a8"><testcase classname="backend.tests.test_iteration_52.TestWeeklyQuota" name="test_quota_returns_weekly_fields" time="0.241" /><testcase classname="backend.tests.test_iteration_52.TestWeeklyQuota" name="test_dashboard_exposes_weekly_fields" time="0.051" /><testcase classname="backend.tests.test_iteration_52.TestWeeklyEnforcement" name="test_first_search_ok_second_blocked" time="0.568" /><testcase classname="backend.tests.test_iteration_52.TestWeeklyEnforcement" name="test_week_start_stored_in_log" time="0.411" /><testcase classname="backend.tests.test_iteration_52.TestWeeklyEnforcement" name="test_quota_counts_on_week_window" time="0.048" /><testcase classname="backend.tests.test_iteration_52.TestHighValueSignupAlert" name="test_directeur_role_creates_alert" time="1.355" /><testcase classname="backend.tests.test_iteration_52.TestHighValueSignupAlert" name="test_agent_role_no_alert" time="0.831" /><testcase classname="backend.tests.test_iteration_52.TestHighValueSignupAlert" name="test_directrice_reseau_role_triggers_alert" time="1.012" /><testcase classname="backend.tests.test_iteration_52.TestAdaptivePersona" name="test_director_chat_strategic_tone" time="36.855" /><testcase classname="backend.tests.test_iteration_52.TestAdaptivePersona" name="test_beginner_chat_pedagogic_tone" time="20.813" /><testcase classname="backend.tests.test_iteration_52.TestAdaptivePersona" name="test_daily_tip_director" time="7.908" /></testsuite></testsuites>