<?xml version="1.0" encoding="utf-8"?><testsuites name="pytest tests"><testsuite name="pytest" errors="0" failures="0" skipped="0" tests="10" time="45.340" timestamp="2026-06-23T11:40:10.949859+00:00" hostname="agent-env-44a0f593-dee2-4bc8-9825-9851f0c9c3a8"><testcase classname="backend.tests.test_iteration_54.TestAuth" name="test_send_email_code_returns_dev_code" time="0.473" /><testcase classname="backend.tests.test_iteration_54.TestAuth" name="test_verify_email_code_bad_code" time="0.361" /><testcase classname="backend.tests.test_iteration_54.TestCoreEndpoints" name="test_me" time="0.452" /><testcase classname="backend.tests.test_iteration_54.TestCoreEndpoints" name="test_dashboard" time="0.047" /><testcase classname="backend.tests.test_iteration_54.TestCoreEndpoints" name="test_reminders_for_date" time="0.051" /><testcase classname="backend.tests.test_iteration_54.TestCoreEndpoints" name="test_notifications_unread" time="0.046" /><testcase classname="backend.tests.test_iteration_54.TestCoreEndpoints" name="test_onboarding_persists_sectors_array" time="0.094" /><testcase classname="backend.tests.test_iteration_54.TestProspecting" name="test_prospecting_returns_within_15s_no_502" time="13.313" /><testcase classname="backend.tests.test_iteration_54.TestProspecting" name="test_prospecting_second_call_no_502" time="30.280" /><testcase classname="backend.tests.test_iteration_54.TestReferralSPA" name="test_referral_page_returns_html" time="0.160" /></testsuite></testsuites>