<?xml version="1.0" encoding="utf-8"?><testsuites name="pytest tests"><testsuite name="pytest" errors="0" failures="0" skipped="0" tests="11" time="3.873" timestamp="2026-06-27T13:56:33.356812+00:00" hostname="agent-env-44a0f593-dee2-4bc8-9825-9851f0c9c3a8"><testcase classname="backend.tests.test_iteration_58.TestSendEmailCode" name="test_returns_dev_code_in_preview" time="0.481" /><testcase classname="backend.tests.test_iteration_58.TestSendEmailCode" name="test_dev_code_invalid_email" time="0.146" /><testcase classname="backend.tests.test_iteration_58.TestMeLastSeenAt" name="test_me_updates_last_seen_at" time="1.848" /><testcase classname="backend.tests.test_iteration_58.TestOnboardingLanguage" name="test_onboarding_accepts_language_field" time="0.151" /><testcase classname="backend.tests.test_iteration_58.TestNotificationScheduler" name="test_run_once_returns_contextual_nudges_sent" time="0.554" /><testcase classname="backend.tests.test_iteration_58.TestRegression" name="test_dashboard" time="0.129" /><testcase classname="backend.tests.test_iteration_58.TestRegression" name="test_cases" time="0.116" /><testcase classname="backend.tests.test_iteration_58.TestRegression" name="test_contacts" time="0.142" /><testcase classname="backend.tests.test_iteration_58.TestRegression" name="test_referral" time="0.104" /><testcase classname="backend.tests.test_iteration_58.TestRegression" name="test_apple_review_static_code" time="0.141" /><testcase classname="backend.tests.test_iteration_58.TestIOSVersion" name="test_marketing_version_bumped" time="0.000" /></testsuite></testsuites>