<?xml version="1.0" encoding="utf-8"?><testsuites name="pytest tests"><testsuite name="pytest" errors="0" failures="0" skipped="0" tests="16" time="2.807" timestamp="2026-03-14T19:47:46.457390+00:00" hostname="agent-env-556ef6e9-58f0-40e2-b303-7d1e48e49ce5"><testcase classname="backend.tests.test_kolo_features_v2.TestKoloBackendAPIs" name="test_api_health" time="0.138" /><testcase classname="backend.tests.test_kolo_features_v2.TestKoloBackendAPIs" name="test_login_success" time="0.114" /><testcase classname="backend.tests.test_kolo_features_v2.TestKoloBackendAPIs" name="test_login_invalid_credentials" time="0.107" /><testcase classname="backend.tests.test_kolo_features_v2.TestKoloBackendAPIs" name="test_update_name_success" time="0.266" /><testcase classname="backend.tests.test_kolo_features_v2.TestKoloBackendAPIs" name="test_update_name_too_short" time="0.173" /><testcase classname="backend.tests.test_kolo_features_v2.TestKoloBackendAPIs" name="test_update_name_unauthenticated" time="0.145" /><testcase classname="backend.tests.test_kolo_features_v2.TestKoloBackendAPIs" name="test_update_phone_success" time="0.231" /><testcase classname="backend.tests.test_kolo_features_v2.TestKoloBackendAPIs" name="test_update_phone_invalid_format" time="0.171" /><testcase classname="backend.tests.test_kolo_features_v2.TestKoloBackendAPIs" name="test_update_phone_too_short" time="0.203" /><testcase classname="backend.tests.test_kolo_features_v2.TestKoloBackendAPIs" name="test_update_phone_unauthenticated" time="0.098" /><testcase classname="backend.tests.test_kolo_features_v2.TestKoloBackendAPIs" name="test_get_profile" time="0.217" /><testcase classname="backend.tests.test_kolo_features_v2.TestKoloBackendAPIs" name="test_get_me" time="0.179" /><testcase classname="backend.tests.test_kolo_features_v2.TestKoloBackendAPIs" name="test_update_preferences" time="0.159" /><testcase classname="backend.tests.test_kolo_features_v2.TestKoloBackendAPIs" name="test_get_prospects" time="0.174" /><testcase classname="backend.tests.test_kolo_features_v2.TestKoloBackendAPIs" name="test_get_today_tasks" time="0.179" /><testcase classname="backend.tests.test_kolo_features_v2.TestKoloBackendAPIs" name="test_get_all_tasks" time="0.198" /></testsuite></testsuites>