<?xml version="1.0" encoding="utf-8"?><testsuites name="pytest tests"><testsuite name="pytest" errors="0" failures="0" skipped="0" tests="10" time="2.305" timestamp="2026-04-03T15:26:39.795595+00:00" hostname="agent-env-44a0f593-dee2-4bc8-9825-9851f0c9c3a8"><testcase classname="backend.tests.test_iteration_24.TestPlanEndpoints" name="test_plans_current_endpoint_exists" time="0.191" /><testcase classname="backend.tests.test_iteration_24.TestPlanEndpoints" name="test_plans_current_returns_trial_used_field" time="0.194" /><testcase classname="backend.tests.test_iteration_24.TestPlanEndpoints" name="test_plans_sync_endpoint_exists" time="0.349" /><testcase classname="backend.tests.test_iteration_24.TestPlanEndpoints" name="test_plans_sync_returns_correct_plan" time="0.329" /><testcase classname="backend.tests.test_iteration_24.TestPlanEndpoints" name="test_effective_plan_for_test_user" time="0.240" /><testcase classname="backend.tests.test_iteration_24.TestPlanEndpoints" name="test_auth_me_returns_plan_info" time="0.201" /><testcase classname="backend.tests.test_iteration_24.TestPlanFeatures" name="test_pro_plus_features_available" time="0.227" /><testcase classname="backend.tests.test_iteration_24.TestPricingEndpoint" name="test_pricing_endpoint_returns_all_plans" time="0.101" /><testcase classname="backend.tests.test_iteration_24.TestUserSubscriptionStatus" name="test_subscription_status_endpoint" time="0.197" /><testcase classname="backend.tests.test_iteration_24.TestUserSubscriptionStatus" name="test_user_has_correct_subscription_status" time="0.155" /></testsuite></testsuites>