<?xml version="1.0" encoding="utf-8"?><testsuites name="pytest tests"><testsuite name="pytest" errors="0" failures="1" skipped="0" tests="26" time="16.190" timestamp="2026-08-22T16:33:23.965899+00:00" hostname="agent-env-44a0f593-dee2-4bc8-9825-9851f0c9c3a8"><testcase classname="tests.test_iteration_62.TestSecretRotation" name="test_admin_secret_present_and_strong" time="0.000" /><testcase classname="tests.test_iteration_62.TestSecretRotation" name="test_no_hardcoded_default_in_codebase" time="0.004" /><testcase classname="tests.test_iteration_62.TestSecretRotation" name="test_ingest_rejects_old_secret_header" time="0.850" /><testcase classname="tests.test_iteration_62.TestSecretRotation" name="test_ingest_rejects_old_secret_body" time="0.060" /><testcase classname="tests.test_iteration_62.TestSecretRotation" name="test_ingest_rejects_wrong_secret" time="0.062" /><testcase classname="tests.test_iteration_62.TestSecretRotation" name="test_ingest_rejects_missing_secret" time="0.059" /><testcase classname="tests.test_iteration_62.TestOtherAdminEndpoints" name="test_sync_subscription_rejects_old_secret" time="0.057" /><testcase classname="tests.test_iteration_62.TestOtherAdminEndpoints" name="test_enterprise_leads_rejects_old_secret" time="0.059" /><testcase classname="tests.test_iteration_62.TestOtherAdminEndpoints" name="test_enterprise_leads_accepts_new_secret" time="0.061" /><testcase classname="tests.test_iteration_62.TestOtherAdminEndpoints" name="test_grant_plan_by_email_rejects_old_secret" time="0.057" /><testcase classname="tests.test_iteration_62.TestOtherAdminEndpoints" name="test_grant_plan_by_email_new_secret_not_401" time="0.088" /><testcase classname="tests.test_iteration_62.TestIngestRunIds" name="test_fake_run_id_returns_run_not_found" time="0.251" /><testcase classname="tests.test_iteration_62.TestIngestRunIds" name="test_empty_run_ids_falls_back_to_latest" time="6.879" /><testcase classname="tests.test_iteration_62.TestIngestRunIds" name="test_stale_hours_is_echoed_and_clamped" time="0.205" /><testcase classname="tests.test_iteration_62.TestIngestLatestRun" name="test_latest_run_ingest_full_counters" time="6.664" /><testcase classname="tests.test_iteration_62.TestIngestLatestRun" name="test_latest_run_accepts_body_admin_key" time="0.220" /><testcase classname="tests.test_iteration_62.TestDashboardRegression" name="test_login_returns_jwt" time="0.282" /><testcase classname="tests.test_iteration_62.TestDashboardRegression" name="test_summary" time="0.064" /><testcase classname="tests.test_iteration_62.TestDashboardRegression" name="test_users_list" time="0.062" /><testcase classname="tests.test_iteration_62.TestDashboardRegression" name="test_summary_requires_auth" time="0.062" /><testcase classname="tests.test_iteration_62.TestRunIsCleanGating" name="test_non_succeeded_is_not_clean" time="0.000" /><testcase classname="tests.test_iteration_62.TestRunIsCleanGating" name="test_status_message_limit_hint_not_clean" time="0.000" /><testcase classname="tests.test_iteration_62.TestRunIsCleanGating" name="test_max_items_reached_not_clean" time="0.000" /><testcase classname="tests.test_iteration_62.TestRunIsCleanGating" name="test_cost_cap_reached_apify_shape_not_clean" time="0.000"><failure message="AssertionError: cost-capped run wrongly considered clean (clean)&#10;assert True is False">E   AssertionError: cost-capped run wrongly considered clean (clean)
    assert True is False</failure></testcase><testcase classname="tests.test_iteration_62.TestRunIsCleanGating" name="test_clean_run_is_clean" time="0.000" /><testcase classname="tests.test_iteration_62.TestRunIsCleanGating" name="test_input_postal_codes_extraction" time="0.001" /></testsuite></testsuites>