<?xml version="1.0" encoding="utf-8"?><testsuites name="pytest tests"><testsuite name="pytest" errors="0" failures="0" skipped="0" tests="11" time="3.376" timestamp="2026-02-18T23:54:07.021619+00:00" hostname="agent-env-6703c36d-4266-485c-90a8-0d19ea48d9e3"><testcase classname="tests.test_bearer_auth.TestBearerTokenAuth" name="test_login_returns_token" time="0.352" /><testcase classname="tests.test_bearer_auth.TestBearerTokenAuth" name="test_bearer_token_auth_me" time="0.306" /><testcase classname="tests.test_bearer_auth.TestBearerTokenAuth" name="test_bearer_token_auth_tasks" time="0.249" /><testcase classname="tests.test_bearer_auth.TestBearerTokenAuth" name="test_bearer_token_auth_tasks_today" time="0.345" /><testcase classname="tests.test_bearer_auth.TestBearerTokenAuth" name="test_bearer_token_auth_prospects" time="0.241" /><testcase classname="tests.test_bearer_auth.TestBearerTokenAuth" name="test_bearer_token_create_task" time="0.267" /><testcase classname="tests.test_bearer_auth.TestBearerTokenAuth" name="test_bearer_token_complete_task" time="0.406" /><testcase classname="tests.test_bearer_auth.TestLogoutClearsToken" name="test_logout_invalidates_session" time="0.379" /><testcase classname="tests.test_bearer_auth.TestAccountRecovery" name="test_recover_existing_account_returns_error" time="0.106" /><testcase classname="tests.test_bearer_auth.TestUnauthorizedAccess" name="test_no_token_returns_401" time="0.461" /><testcase classname="tests.test_bearer_auth.TestUnauthorizedAccess" name="test_invalid_token_returns_401" time="0.162" /></testsuite></testsuites>