<?xml version="1.0" encoding="utf-8"?><testsuites name="pytest tests"><testsuite name="pytest" errors="0" failures="0" skipped="0" tests="15" time="6.127" timestamp="2026-06-04T22:23:58.212461+00:00" hostname="agent-env-44a0f593-dee2-4bc8-9825-9851f0c9c3a8"><testcase classname="backend.tests.test_iteration_32.TestPublicBranding" name="test_public_branding_existing_slug" time="0.135" /><testcase classname="backend.tests.test_iteration_32.TestPublicBranding" name="test_public_branding_by_custom_subdomain" time="0.055" /><testcase classname="backend.tests.test_iteration_32.TestPublicBranding" name="test_public_branding_404" time="0.056" /><testcase classname="backend.tests.test_iteration_32.TestPublicBranding" name="test_get_org_by_domain_preview_returns_null" time="0.049" /><testcase classname="backend.tests.test_iteration_32.TestWhitelabelCreate" name="test_create_includes_new_fields" time="0.202" /><testcase classname="backend.tests.test_iteration_32.TestWhitelabelCreate" name="test_public_branding_by_new_subdomain" time="0.053" /><testcase classname="backend.tests.test_iteration_32.TestBilling" name="test_billing_info" time="0.108" /><testcase classname="backend.tests.test_iteration_32.TestBilling" name="test_billing_checkout_stripe_url" time="0.725" /><testcase classname="backend.tests.test_iteration_32.TestSeatsEnforcement" name="test_accept_invite_returns_402_when_full" time="0.874" /><testcase classname="backend.tests.test_iteration_33.TestWhitelabelScan" name="test_scan_iadfrance_returns_full_suggestion" time="3.230" /><testcase classname="backend.tests.test_iteration_33.TestWhitelabelCreateWithFont" name="test_org_persisted_with_font" time="0.135" /><testcase classname="backend.tests.test_iteration_33.TestWhitelabelCreateWithFont" name="test_public_endpoint_returns_font" time="0.103" /><testcase classname="backend.tests.test_iteration_33.TestWhitelabelCreateWithFont" name="test_public_endpoint_by_subdomain" time="0.110" /><testcase classname="backend.tests.test_iteration_33.TestResponsiveKoloPublic" name="test_public_responsive_kolo" time="0.127" /><testcase classname="backend.tests.test_iteration_33.TestIadDemoFont" name="test_iad_demo_font_field_present" time="0.111" /></testsuite></testsuites>