<?xml version="1.0" encoding="utf-8"?><testsuites name="pytest tests"><testsuite name="pytest" errors="0" failures="0" skipped="0" tests="9" time="2.299" timestamp="2026-06-04T21:18:25.729714+00:00" hostname="agent-env-44a0f593-dee2-4bc8-9825-9851f0c9c3a8"><testcase classname="backend.tests.test_iteration_31.TestWeeklyReportUrlFix" name="test_helper_function_exists_in_server" time="0.001" /><testcase classname="backend.tests.test_iteration_31.TestWeeklyReportUrlFix" name="test_html_uses_frontend_url_not_koloapp" time="0.001" /><testcase classname="backend.tests.test_iteration_31.TestWeeklyReportUrlFix" name="test_env_frontend_url_configured" time="0.000" /><testcase classname="backend.tests.test_iteration_31.TestWeeklyReportUrlFix" name="test_scheduler_calls_helper" time="0.001" /><testcase classname="backend.tests.test_iteration_31.TestMarkAsSold" name="test_mark_sold_with_new_format" time="0.833" /><testcase classname="backend.tests.test_iteration_31.TestMarkAsSold" name="test_mark_sold_backward_compat_commission_amount" time="0.354" /><testcase classname="backend.tests.test_iteration_31.TestMarkAsSold" name="test_mark_sold_rejects_missing_amount" time="0.228" /><testcase classname="backend.tests.test_iteration_31.TestOffreAccepteeStatus" name="test_put_prospect_accepts_offre_acceptee" time="0.258" /><testcase classname="backend.tests.test_iteration_31.TestWeeklyReportEndpoint" name="test_post_weekly_report_returns_200_with_stats" time="0.558" /></testsuite></testsuites>