<?xml version="1.0" encoding="utf-8"?><testsuites name="pytest tests"><testsuite name="pytest" errors="0" failures="0" skipped="0" tests="16" time="16.271" timestamp="2026-06-24T13:51:45.515735+00:00" hostname="agent-env-44a0f593-dee2-4bc8-9825-9851f0c9c3a8"><testcase classname="backend.tests.test_iteration_55" name="test_apple_product_to_plan_mapping_pro_plus_to_pro" time="0.413" /><testcase classname="backend.tests.test_iteration_55.TestAuth" name="test_send_email_code_returns_dev_code" time="0.458" /><testcase classname="backend.tests.test_iteration_55.TestAuth" name="test_verify_invalid_code_returns_4xx" time="0.351" /><testcase classname="backend.tests.test_iteration_55.TestCoreEndpoints" name="test_me_returns_user" time="0.443" /><testcase classname="backend.tests.test_iteration_55.TestCoreEndpoints" name="test_dashboard_accessible" time="0.050" /><testcase classname="backend.tests.test_iteration_55.TestCoreEndpoints" name="test_quota_returns_free_user_keys" time="0.048" /><testcase classname="backend.tests.test_iteration_55.TestProspecting" name="test_prospecting_listings_under_15s" time="0.238" /><testcase classname="backend.tests.test_iteration_55.TestAskKolo" name="test_ai_chat_responds_under_30s" time="12.861" /><testcase classname="backend.tests.test_iteration_55.TestIAP" name="test_iap_verify_requires_auth" time="0.132" /><testcase classname="backend.tests.test_iteration_55.TestIAP" name="test_iap_verify_accepts_pro_plus_product_id" time="0.265" /><testcase classname="backend.tests.test_iteration_55.TestCRUD" name="test_cases_list" time="0.046" /><testcase classname="backend.tests.test_iteration_55.TestCRUD" name="test_cases_create" time="0.051" /><testcase classname="backend.tests.test_iteration_55.TestCRUD" name="test_notes_list_and_create" time="0.099" /><testcase classname="backend.tests.test_iteration_55.TestCRUD" name="test_reminders_list_and_create" time="0.100" /><testcase classname="backend.tests.test_iteration_55.TestCRUD" name="test_contacts_list_and_create" time="0.102" /><testcase classname="backend.tests.test_iteration_55.TestCRUD" name="test_payments_create_checkout_web_fallback" time="0.543" /></testsuite></testsuites>