<?xml version="1.0" encoding="utf-8"?><testsuites name="pytest tests"><testsuite name="pytest" errors="0" failures="0" skipped="0" tests="18" time="1.834" timestamp="2026-04-03T14:38:32.177551+00:00" hostname="agent-env-44a0f593-dee2-4bc8-9825-9851f0c9c3a8"><testcase classname="tests.test_iteration_23.TestEmailLocalization" name="test_email_content_dictionary_exists" time="0.001" /><testcase classname="tests.test_iteration_23.TestEmailLocalization" name="test_french_welcome_email" time="0.000" /><testcase classname="tests.test_iteration_23.TestEmailLocalization" name="test_english_welcome_email" time="0.000" /><testcase classname="tests.test_iteration_23.TestEmailLocalization" name="test_german_welcome_email" time="0.000" /><testcase classname="tests.test_iteration_23.TestEmailLocalization" name="test_italian_welcome_email" time="0.001" /><testcase classname="tests.test_iteration_23.TestEmailLocalization" name="test_trial_reminder_email_all_locales" time="0.001" /><testcase classname="tests.test_iteration_23.TestEmailLocalization" name="test_trial_expired_email_all_locales" time="0.000" /><testcase classname="tests.test_iteration_23.TestEmailLocalization" name="test_password_reset_email_all_locales" time="0.001" /><testcase classname="tests.test_iteration_23.TestEmailLocalization" name="test_subscription_confirmation_email_all_locales" time="0.001" /><testcase classname="tests.test_iteration_23.TestEmailLocalization" name="test_locale_fallback_to_english" time="0.000" /><testcase classname="tests.test_iteration_23.TestStripeWebhook" name="test_webhook_endpoint_responds" time="0.209" /><testcase classname="tests.test_iteration_23.TestStripeWebhook" name="test_webhook_handles_checkout_session_completed" time="0.444" /><testcase classname="tests.test_iteration_23.TestBackendServices" name="test_api_geo_endpoint" time="0.134" /><testcase classname="tests.test_iteration_23.TestBackendServices" name="test_login_endpoint" time="0.114" /><testcase classname="tests.test_iteration_23.TestBackendServices" name="test_plans_pricing_endpoint" time="0.126" /><testcase classname="tests.test_iteration_23.TestProspectCreation" name="test_create_prospect_buyer" time="0.255" /><testcase classname="tests.test_iteration_23.TestProspectCreation" name="test_create_prospect_seller" time="0.230" /><testcase classname="tests.test_iteration_23.TestProspectCreation" name="test_create_prospect_renter" time="0.244" /></testsuite></testsuites>