<?xml version="1.0" encoding="utf-8"?><testsuites name="pytest tests"><testsuite name="pytest" errors="0" failures="0" skipped="0" tests="9" time="6.015" timestamp="2026-03-14T17:05:32.322949+00:00" hostname="agent-env-556ef6e9-58f0-40e2-b303-7d1e48e49ce5"><testcase classname="tests.test_ai_features.TestKoloAIFeatures" name="test_login_success" time="0.197" /><testcase classname="tests.test_ai_features.TestKoloAIFeatures" name="test_auth_me" time="0.187" /><testcase classname="tests.test_ai_features.TestKoloAIFeatures" name="test_ai_suggestions_endpoint" time="3.779" /><testcase classname="tests.test_ai_features.TestKoloAIFeatures" name="test_prospects_list" time="0.157" /><testcase classname="tests.test_ai_features.TestKoloAIFeatures" name="test_generate_message_endpoint" time="0.792" /><testcase classname="tests.test_ai_features.TestKoloAIFeatures" name="test_tasks_today" time="0.186" /><testcase classname="tests.test_ai_features.TestKoloAIFeatures" name="test_user_streak" time="0.240" /><testcase classname="tests.test_ai_features.TestKoloAIFeatures" name="test_user_preferences" time="0.244" /><testcase classname="tests.test_ai_features.TestOnboardingFlow" name="test_register_new_user" time="0.127" /></testsuite></testsuites>