<?xml version="1.0" encoding="utf-8"?><testsuites name="pytest tests"><testsuite name="pytest" errors="0" failures="0" skipped="0" tests="32" time="14.262" timestamp="2026-08-28T13:39:52.713267+00:00" hostname="agent-env-44a0f593-dee2-4bc8-9825-9851f0c9c3a8"><testcase classname="tests.test_iteration_63.TestScriptSurface" name="test_script_exists_and_help_works" time="0.397" /><testcase classname="tests.test_iteration_63.TestScriptSurface" name="test_batch_size_is_1000" time="0.000" /><testcase classname="tests.test_iteration_63.TestScriptSurface" name="test_does_not_insert_prix_m2" time="0.000" /><testcase classname="tests.test_iteration_63.TestScriptSurface" name="test_uses_service_role_key_not_anon" time="0.000" /><testcase classname="tests.test_iteration_63.TestScriptSurface" name="test_missing_secret_key_raises_clear_error" time="0.414" /><testcase classname="tests.test_iteration_63.TestMutationsData" name="test_count_per_year_dept[2023-06]" time="1.204" /><testcase classname="tests.test_iteration_63.TestMutationsData" name="test_count_per_year_dept[2023-13]" time="0.448" /><testcase classname="tests.test_iteration_63.TestMutationsData" name="test_count_per_year_dept[2023-69]" time="0.370" /><testcase classname="tests.test_iteration_63.TestMutationsData" name="test_count_per_year_dept[2023-75]" time="0.409" /><testcase classname="tests.test_iteration_63.TestMutationsData" name="test_count_per_year_dept[2023-92]" time="0.335" /><testcase classname="tests.test_iteration_63.TestMutationsData" name="test_count_per_year_dept[2024-06]" time="0.419" /><testcase classname="tests.test_iteration_63.TestMutationsData" name="test_count_per_year_dept[2024-13]" time="0.401" /><testcase classname="tests.test_iteration_63.TestMutationsData" name="test_count_per_year_dept[2024-69]" time="0.392" /><testcase classname="tests.test_iteration_63.TestMutationsData" name="test_count_per_year_dept[2024-75]" time="0.367" /><testcase classname="tests.test_iteration_63.TestMutationsData" name="test_count_per_year_dept[2024-92]" time="0.329" /><testcase classname="tests.test_iteration_63.TestMutationsData" name="test_count_per_year_dept[2025-06]" time="0.975" /><testcase classname="tests.test_iteration_63.TestMutationsData" name="test_count_per_year_dept[2025-13]" time="0.434" /><testcase classname="tests.test_iteration_63.TestMutationsData" name="test_count_per_year_dept[2025-69]" time="0.435" /><testcase classname="tests.test_iteration_63.TestMutationsData" name="test_count_per_year_dept[2025-75]" time="0.447" /><testcase classname="tests.test_iteration_63.TestMutationsData" name="test_count_per_year_dept[2025-92]" time="0.517" /><testcase classname="tests.test_iteration_63.TestMutationsData" name="test_total_rows_in_scope" time="0.461" /><testcase classname="tests.test_iteration_63.TestMutationsData" name="test_no_invalid_type_local" time="0.626" /><testcase classname="tests.test_iteration_63.TestMutationsData" name="test_no_null_type_local" time="0.280" /><testcase classname="tests.test_iteration_63.TestMutationsData" name="test_valeur_fonciere_positive_and_not_null" time="0.682" /><testcase classname="tests.test_iteration_63.TestMutationsData" name="test_surface_reelle_bati_gt_9" time="0.874" /><testcase classname="tests.test_iteration_63.TestMutationsData" name="test_prix_m2_auto_computed" time="0.237" /><testcase classname="tests.test_iteration_63.TestMutationsData" name="test_prix_m2_never_null" time="0.489" /><testcase classname="tests.test_iteration_63.TestMutationsData" name="test_adresse_format" time="0.239" /><testcase classname="tests.test_iteration_63.TestMutationsData" name="test_no_bad_adresse_tokens" time="1.268" /><testcase classname="tests.test_iteration_63.TestMutationsData" name="test_required_columns_present" time="0.230" /><testcase classname="tests.test_iteration_63.TestMutationsData" name="test_no_out_of_scope_departments" time="0.500" /><testcase classname="tests.test_iteration_63.TestImportLog" name="test_log_exists_with_total" time="0.000" /></testsuite></testsuites>