<?xml version="1.0" encoding="utf-8"?><testsuites name="pytest tests"><testsuite name="pytest" errors="0" failures="0" skipped="0" tests="8" time="1.338" timestamp="2026-06-04T22:56:27.086002+00:00" hostname="agent-env-44a0f593-dee2-4bc8-9825-9851f0c9c3a8"><testcase classname="backend.tests.test_iteration_34.TestBearerAuthFlows" name="test_login_returns_token" time="0.149" /><testcase classname="backend.tests.test_iteration_34.TestBearerAuthFlows" name="test_auth_me_with_bearer" time="0.241" /><testcase classname="backend.tests.test_iteration_34.TestBearerAuthFlows" name="test_admin_check_with_bearer" time="0.126" /><testcase classname="backend.tests.test_iteration_34.TestBearerAuthFlows" name="test_auth_logout_with_bearer" time="0.210" /><testcase classname="backend.tests.test_iteration_34.TestWhitelabelBillingCountry" name="test_create_persists_billing_country" time="0.105" /><testcase classname="backend.tests.test_iteration_34.TestWhitelabelBillingCountry" name="test_list_returns_billing_country" time="0.114" /><testcase classname="backend.tests.test_iteration_34.TestWhitelabelBillingCountry" name="test_default_country_fr_when_omitted" time="0.212" /><testcase classname="backend.tests.test_iteration_34.TestAcceptInviteRegression" name="test_accept_invite_invalid_token_returns_4xx" time="0.122" /></testsuite></testsuites>