<?xml version="1.0" encoding="utf-8"?><testsuites name="pytest tests"><testsuite name="pytest" errors="0" failures="0" skipped="0" tests="14" time="5.351" timestamp="2026-06-05T15:50:09.156714+00:00" hostname="agent-env-44a0f593-dee2-4bc8-9825-9851f0c9c3a8"><testcase classname="backend.tests.test_iteration_36.TestWhitelabelList" name="test_list_returns_seats_used_live" time="0.608" /><testcase classname="backend.tests.test_iteration_36.TestWhitelabelUpdate" name="test_patch_updates_tagline_seats_price_promo_country" time="0.451" /><testcase classname="backend.tests.test_iteration_36.TestWhitelabelUpdate" name="test_patch_non_super_admin_forbidden" time="0.133" /><testcase classname="backend.tests.test_iteration_36.TestWhitelabelDelete" name="test_delete_removes_org_and_invites" time="0.566" /><testcase classname="backend.tests.test_iteration_36.TestWhitelabelDelete" name="test_delete_404_when_org_missing" time="0.115" /><testcase classname="backend.tests.test_iteration_36.TestWhitelabelInviteLink" name="test_invite_link_fresh_with_14d_expiry" time="0.271" /><testcase classname="backend.tests.test_iteration_36.TestWhitelabelInvoice" name="test_invoice_returns_iban_bic_reference" time="0.695" /><testcase classname="backend.tests.test_iteration_36.TestOrgInviteRoles" name="test_invite_org_manager_role" time="0.377" /><testcase classname="backend.tests.test_iteration_36.TestUpdateMemberRole" name="test_update_member_invalid_role" time="0.390" /><testcase classname="backend.tests.test_iteration_36.TestUpdateMemberRole" name="test_update_member_invalid_manager" time="0.524" /><testcase classname="backend.tests.test_iteration_36.TestListMembers" name="test_list_members_includes_viewer_role" time="0.264" /><testcase classname="backend.tests.test_iteration_36.TestKPIFilters" name="test_kpis_includes_viewer_meta" time="0.253" /><testcase classname="backend.tests.test_iteration_36.TestKPIFilters" name="test_kpis_search_filter" time="0.305" /><testcase classname="backend.tests.test_iteration_36.TestKPIFilters" name="test_kpis_managers_filter_admin_only" time="0.284" /></testsuite></testsuites>