<?xml version="1.0" encoding="utf-8"?><testsuites name="pytest tests"><testsuite name="pytest" errors="0" failures="1" skipped="0" tests="6" time="3.514" timestamp="2026-06-27T14:04:26.286939+00:00" hostname="agent-env-44a0f593-dee2-4bc8-9825-9851f0c9c3a8"><testcase classname="backend.tests.test_iteration_59" name="test_send_email_code_returns_dev_code" time="0.295" /><testcase classname="backend.tests.test_iteration_59" name="test_me_updates_last_seen_at" time="1.772" /><testcase classname="backend.tests.test_iteration_59" name="test_onboarding_persists_language_on_user_doc" time="0.680"><failure message="AssertionError: language NOT mirrored on user doc (got None). Spec says: 'OnboardingPayload accepte language et le persiste sur user doc'&#10;assert None == 'en'&#10; +  where None = &lt;built-in method get of dict object at 0xfc4fcf5dbbc0&gt;('language')&#10; +    where &lt;built-in method get of dict object at 0xfc4fcf5dbbc0&gt; = {'auth_provider': 'email_code', 'company_name': '', 'created_at': '2026-06-27T14:04:28.756571+00:00', 'email': 'test_iter59_e698edb818@example.com', ...}.get">backend/tests/test_iteration_59.py:83: in test_onboarding_persists_language_on_user_doc
    assert me_body.get("language") == "en", (
E   AssertionError: language NOT mirrored on user doc (got None). Spec says: 'OnboardingPayload accepte language et le persiste sur user doc'
E   assert None == 'en'
E    +  where None = &lt;built-in method get of dict object at 0xfc4fcf5dbbc0&gt;('language')
E    +    where &lt;built-in method get of dict object at 0xfc4fcf5dbbc0&gt; = {'auth_provider': 'email_code', 'company_name': '', 'created_at': '2026-06-27T14:04:28.756571+00:00', 'email': 'test_iter59_e698edb818@example.com', ...}.get</failure></testcase><testcase classname="backend.tests.test_iteration_59" name="test_notification_scheduler_run_once" time="0.603" /><testcase classname="backend.tests.test_iteration_59" name="test_ios_pbxproj_versions" time="0.000" /><testcase classname="backend.tests.test_iteration_59" name="test_apple_review_static_code" time="0.103" /></testsuite></testsuites>