<?xml version="1.0" encoding="utf-8"?><testsuites name="pytest tests"><testsuite name="pytest" errors="0" failures="0" skipped="0" tests="15" time="14.138" timestamp="2026-03-11T09:34:16.885966+00:00" hostname="agent-env-6e463f3c-e44e-4b80-a142-92768e88cf0c"><testcase classname="backend.tests.test_kolo_crm_all_features.TestAuth" name="test_login_with_known_user" time="0.132" /><testcase classname="backend.tests.test_kolo_crm_all_features.TestAuth" name="test_login_invalid_credentials" time="0.104" /><testcase classname="backend.tests.test_kolo_crm_all_features.TestAuth" name="test_register_new_user" time="0.116" /><testcase classname="backend.tests.test_kolo_crm_all_features.TestAuth" name="test_register_duplicate_email_fails" time="0.100" /><testcase classname="backend.tests.test_kolo_crm_all_features.TestProspects" name="test_get_prospects_list" time="0.203" /><testcase classname="backend.tests.test_kolo_crm_all_features.TestProspects" name="test_create_prospect" time="0.206" /><testcase classname="backend.tests.test_kolo_crm_all_features.TestTasks" name="test_get_tasks_list" time="0.217" /><testcase classname="backend.tests.test_kolo_crm_all_features.TestTasks" name="test_create_manual_task" time="0.207" /><testcase classname="backend.tests.test_kolo_crm_all_features.TestTasks" name="test_create_task_linked_to_prospect" time="0.420" /><testcase classname="backend.tests.test_kolo_crm_all_features.TestAISuggestions" name="test_get_ai_suggestions" time="0.213" /><testcase classname="backend.tests.test_kolo_crm_all_features.TestAISuggestions" name="test_ai_suggestions_requires_auth" time="0.213" /><testcase classname="backend.tests.test_kolo_crm_all_features.TestAIMessageGeneration" name="test_generate_message_for_prospect" time="7.725" /><testcase classname="backend.tests.test_kolo_crm_all_features.TestAIMessageGeneration" name="test_generate_message_with_inactive_prospect" time="3.901" /><testcase classname="backend.tests.test_kolo_crm_all_features.TestAIMessageGeneration" name="test_generate_message_invalid_prospect" time="0.201" /><testcase classname="backend.tests.test_kolo_crm_all_features.TestHealthAndBasics" name="test_api_health" time="0.103" /></testsuite></testsuites>