<?xml version="1.0" encoding="utf-8"?><testsuites name="pytest tests"><testsuite name="pytest" errors="0" failures="0" skipped="0" tests="4" time="28.784" timestamp="2026-07-04T11:42:18.691431+00:00" hostname="agent-env-44a0f593-dee2-4bc8-9825-9851f0c9c3a8"><testcase classname="backend.tests.test_iteration_61.TestProspectingListings" name="test_listings_no_kolo_seed_urls" time="10.681" /><testcase classname="backend.tests.test_iteration_61.TestProspectingListings" name="test_listings_have_thumbnail_url_field" time="9.175" /><testcase classname="backend.tests.test_iteration_61.TestProspectingListings" name="test_listings_empty_sector_no_500" time="0.114" /><testcase classname="backend.tests.test_iteration_61.TestProspectingListings" name="test_listings_invalid_sector_no_500" time="8.718" /></testsuite></testsuites>