<?xml version="1.0" encoding="utf-8"?><testsuites name="pytest tests"><testsuite name="pytest" errors="0" failures="0" skipped="0" tests="9" time="2.020" timestamp="2026-06-04T22:23:08.252904+00:00" hostname="agent-env-44a0f593-dee2-4bc8-9825-9851f0c9c3a8"><testcase classname="backend.tests.test_iteration_32.TestPublicBranding" name="test_public_branding_existing_slug" time="0.207" /><testcase classname="backend.tests.test_iteration_32.TestPublicBranding" name="test_public_branding_by_custom_subdomain" time="0.054" /><testcase classname="backend.tests.test_iteration_32.TestPublicBranding" name="test_public_branding_404" time="0.053" /><testcase classname="backend.tests.test_iteration_32.TestPublicBranding" name="test_get_org_by_domain_preview_returns_null" time="0.049" /><testcase classname="backend.tests.test_iteration_32.TestWhitelabelCreate" name="test_create_includes_new_fields" time="0.158" /><testcase classname="backend.tests.test_iteration_32.TestWhitelabelCreate" name="test_public_branding_by_new_subdomain" time="0.052" /><testcase classname="backend.tests.test_iteration_32.TestBilling" name="test_billing_info" time="0.115" /><testcase classname="backend.tests.test_iteration_32.TestBilling" name="test_billing_checkout_stripe_url" time="0.465" /><testcase classname="backend.tests.test_iteration_32.TestSeatsEnforcement" name="test_accept_invite_returns_402_when_full" time="0.815" /></testsuite></testsuites>