<?xml version="1.0" encoding="utf-8"?><testsuites name="pytest tests"><testsuite name="pytest" errors="0" failures="0" skipped="0" tests="12" time="5.966" timestamp="2026-06-22T11:34:18.441917+00:00" hostname="agent-env-44a0f593-dee2-4bc8-9825-9851f0c9c3a8"><testcase classname="backend.tests.test_iteration_51.TestQuotaEndpoint" name="test_quota_free_user_initial" time="0.203" /><testcase classname="backend.tests.test_iteration_51.TestQuotaEndpoint" name="test_quota_pro_user_unlimited" time="0.119" /><testcase classname="backend.tests.test_iteration_51.TestContactsQuota" name="test_free_user_limited_to_10_contacts" time="0.680" /><testcase classname="backend.tests.test_iteration_51.TestContactsQuota" name="test_pro_user_unlimited_contacts" time="0.671" /><testcase classname="backend.tests.test_iteration_51.TestProspectingQuota" name="test_dpe_free_first_ok_second_402" time="0.658" /><testcase classname="backend.tests.test_iteration_51.TestProspectingQuota" name="test_listings_shares_same_quota" time="0.404" /><testcase classname="backend.tests.test_iteration_51.TestProspectingQuota" name="test_pro_user_unlimited_prospecting" time="2.400" /><testcase classname="backend.tests.test_iteration_51.TestDashboardQuotaFields" name="test_dashboard_includes_prospecting_fields_free" time="0.122" /><testcase classname="backend.tests.test_iteration_51.TestDashboardQuotaFields" name="test_dashboard_pro_user_unlimited_fields" time="0.145" /><testcase classname="backend.tests.test_iteration_51.TestGooglePlayIAP" name="test_missing_fields_returns_400" time="0.099" /><testcase classname="backend.tests.test_iteration_51.TestGooglePlayIAP" name="test_unconfigured_returns_500" time="0.113" /><testcase classname="backend.tests.test_iteration_51.TestAppleIAPRegression" name="test_apple_receipt_endpoint_exists" time="0.113" /></testsuite></testsuites>