<?xml version="1.0" encoding="utf-8"?><testsuites name="pytest tests"><testsuite name="pytest" errors="0" failures="0" skipped="0" tests="13" time="4.006" timestamp="2026-06-04T09:11:27.137177+00:00" hostname="agent-env-44a0f593-dee2-4bc8-9825-9851f0c9c3a8"><testcase classname="backend.tests.test_iteration_28.TestAuthLogin" name="test_super_admin_login_success" time="0.167" /><testcase classname="backend.tests.test_iteration_28.TestAuthLogin" name="test_login_wrong_password_returns_401" time="0.049" /><testcase classname="backend.tests.test_iteration_28.TestAuthLogin" name="test_login_unknown_email_returns_401" time="0.047" /><testcase classname="backend.tests.test_iteration_28.TestGoogleOAuthDirect" name="test_client_id_public" time="0.049" /><testcase classname="backend.tests.test_iteration_28.TestGoogleOAuthDirect" name="test_exchange_invalid_code_returns_400" time="0.137" /><testcase classname="backend.tests.test_iteration_28.TestGoogleOAuthDirect" name="test_exchange_missing_body_returns_422" time="0.046" /><testcase classname="backend.tests.test_iteration_28.TestCalendarAuthUrls" name="test_google_calendar_auth_url" time="0.094" /><testcase classname="backend.tests.test_iteration_28.TestCalendarAuthUrls" name="test_outlook_calendar_auth_url" time="0.052" /><testcase classname="backend.tests.test_iteration_28.TestProspectIntel" name="test_calculate_heat" time="0.093" /><testcase classname="backend.tests.test_iteration_28.TestProspectIntel" name="test_ai_suggest_for_prospect" time="3.061" /><testcase classname="backend.tests.test_iteration_28.TestHotEndpoints" name="test_prospects_list" time="0.047" /><testcase classname="backend.tests.test_iteration_28.TestHotEndpoints" name="test_tasks_today" time="0.048" /><testcase classname="backend.tests.test_iteration_28.TestHotEndpoints" name="test_integrations_status" time="0.046" /></testsuite></testsuites>