<?xml version="1.0" encoding="utf-8"?><testsuites name="pytest tests"><testsuite name="pytest" errors="0" failures="0" skipped="0" tests="11" time="10.969" timestamp="2026-03-26T16:30:11.088485+00:00" hostname="agent-env-44a0f593-dee2-4bc8-9825-9851f0c9c3a8"><testcase classname="backend.tests.test_iteration_22.TestPricingEndpoint" name="test_pricing_returns_starter_not_free" time="0.199" /><testcase classname="backend.tests.test_iteration_22.TestPricingEndpoint" name="test_pricing_has_all_plans" time="0.114" /><testcase classname="backend.tests.test_iteration_22.TestPricingEndpoint" name="test_pricing_eur_values" time="0.140" /><testcase classname="backend.tests.test_iteration_22.TestUserPlan" name="test_login_works" time="0.116" /><testcase classname="backend.tests.test_iteration_22.TestUserPlan" name="test_user_plan_is_pro_plus" time="0.254" /><testcase classname="backend.tests.test_iteration_22.TestUserPlan" name="test_pro_plus_features_enabled" time="0.320" /><testcase classname="backend.tests.test_iteration_22.TestAISuggestions" name="test_ai_suggestions_endpoint" time="4.446" /><testcase classname="backend.tests.test_iteration_22.TestAISuggestions" name="test_ai_suggestion_accept_endpoint" time="3.784" /><testcase classname="backend.tests.test_iteration_22.TestProspectCreation" name="test_create_prospect_with_buyer_budget" time="0.514" /><testcase classname="backend.tests.test_iteration_22.TestProspectCreation" name="test_create_prospect_with_seller_budget" time="0.497" /><testcase classname="backend.tests.test_iteration_22.TestProspectCreation" name="test_create_prospect_with_renter_budget" time="0.515" /></testsuite></testsuites>