<?xml version="1.0" encoding="utf-8"?><testsuites name="pytest tests"><testsuite name="pytest" errors="0" failures="0" skipped="0" tests="14" time="3.664" timestamp="2026-04-03T21:04:54.057229+00:00" hostname="agent-env-44a0f593-dee2-4bc8-9825-9851f0c9c3a8"><testcase classname="backend.tests.test_iteration_25.TestLoginErrorMessages" name="test_login_wrong_password_returns_401" time="0.158" /><testcase classname="backend.tests.test_iteration_25.TestLoginErrorMessages" name="test_login_nonexistent_user_returns_401" time="0.137" /><testcase classname="backend.tests.test_iteration_25.TestLoginErrorMessages" name="test_login_correct_credentials_returns_200" time="0.099" /><testcase classname="backend.tests.test_iteration_25.TestForgotPassword" name="test_forgot_password_endpoint_exists" time="0.113" /><testcase classname="backend.tests.test_iteration_25.TestForgotPassword" name="test_reset_password_endpoint_exists" time="0.292" /><testcase classname="backend.tests.test_iteration_25.TestProspectCreation" name="test_create_prospect_buyer" time="0.521" /><testcase classname="backend.tests.test_iteration_25.TestProspectCreation" name="test_create_prospect_seller" time="0.443" /><testcase classname="backend.tests.test_iteration_25.TestProspectCreation" name="test_create_prospect_renter" time="0.463" /><testcase classname="backend.tests.test_iteration_25.TestPlanFeatures" name="test_pro_plus_user_has_budget_slider" time="0.251" /><testcase classname="backend.tests.test_iteration_25.TestPlanFeatures" name="test_pro_plus_user_has_heat_score" time="0.266" /><testcase classname="backend.tests.test_iteration_25.TestPlanFeatures" name="test_pro_plus_user_has_roi_dashboard" time="0.257" /><testcase classname="backend.tests.test_iteration_25.TestPlanFeatures" name="test_plans_current_endpoint" time="0.221" /><testcase classname="backend.tests.test_iteration_25.TestPlanFeatures" name="test_plans_pricing_endpoint" time="0.132" /><testcase classname="backend.tests.test_iteration_25.TestSubscriptionStatus" name="test_subscription_status_endpoint" time="0.240" /></testsuite></testsuites>