<?xml version="1.0" encoding="utf-8"?><testsuites name="pytest tests"><testsuite name="pytest" errors="0" failures="0" skipped="0" tests="11" time="2.203" timestamp="2026-06-23T10:50:58.355456+00:00" hostname="agent-env-44a0f593-dee2-4bc8-9825-9851f0c9c3a8"><testcase classname="backend.tests.test_iteration_53.TestStaticLogos" name="test_logo_v5_128" time="0.109" /><testcase classname="backend.tests.test_iteration_53.TestStaticLogos" name="test_logo_v5_256" time="0.108" /><testcase classname="backend.tests.test_iteration_53.TestV2Endpoints" name="test_send_email_code" time="0.298" /><testcase classname="backend.tests.test_iteration_53.TestV2Endpoints" name="test_verify_email_code_invalid" time="0.416" /><testcase classname="backend.tests.test_iteration_53.TestV2Endpoints" name="test_me_endpoint" time="0.488" /><testcase classname="backend.tests.test_iteration_53.TestV2Endpoints" name="test_dashboard" time="0.099" /><testcase classname="backend.tests.test_iteration_53.TestV2Endpoints" name="test_reminders_by_date" time="0.117" /><testcase classname="backend.tests.test_iteration_53.TestV2Endpoints" name="test_notifications_unread" time="0.099" /><testcase classname="backend.tests.test_iteration_53.TestV2Endpoints" name="test_quota" time="0.100" /><testcase classname="backend.tests.test_iteration_53.TestV2Endpoints" name="test_onboarding_with_sectors_array" time="0.204" /><testcase classname="backend.tests.test_iteration_53.TestNoRegression" name="test_referral_page_seed" time="0.117" /></testsuite></testsuites>