<?xml version="1.0" encoding="utf-8"?><testsuites name="pytest tests"><testsuite name="pytest" errors="0" failures="0" skipped="0" tests="10" time="5.591" timestamp="2026-06-04T20:55:00.153663+00:00" hostname="agent-env-44a0f593-dee2-4bc8-9825-9851f0c9c3a8"><testcase classname="backend.tests.test_iteration_30.TestSuperAdminAuth" name="test_login_returns_token" time="0.161" /><testcase classname="backend.tests.test_iteration_30.TestSuperAdminAuth" name="test_me_returns_pro_plus_and_super_admin" time="0.137" /><testcase classname="backend.tests.test_iteration_30.TestWhiteLabelWizard" name="test_scan_stripe_returns_suggestion" time="3.286" /><testcase classname="backend.tests.test_iteration_30.TestWhiteLabelWizard" name="test_create_returns_org_id_and_invite" time="0.055" /><testcase classname="backend.tests.test_iteration_30.TestWhiteLabelWizard" name="test_list_returns_count_ge_1" time="0.050" /><testcase classname="backend.tests.test_iteration_30.TestWeeklyReport" name="test_weekly_report_returns_200" time="0.344" /><testcase classname="backend.tests.test_iteration_30.TestTasksAndCalendarSync" name="test_create_update_delete_task_no_500" time="1.216" /><testcase classname="backend.tests.test_iteration_30.TestCalendarAuthUrl" name="test_google_calendar_auth_url" time="0.050" /><testcase classname="backend.tests.test_iteration_30.TestIntegrationsRegression" name="test_calls_log" time="0.121" /><testcase classname="backend.tests.test_iteration_30.TestIntegrationsRegression" name="test_whatsapp_log" time="0.052" /></testsuite></testsuites>