<?xml version="1.0" encoding="utf-8"?><testsuites name="pytest tests"><testsuite name="pytest" errors="0" failures="0" skipped="0" tests="24" time="31.601" timestamp="2026-06-03T12:39:48.631913+00:00" hostname="agent-env-44a0f593-dee2-4bc8-9825-9851f0c9c3a8"><testcase classname="backend.tests.test_phase234" name="test_auth_me_admin_returns_super_admin" time="0.258" /><testcase classname="backend.tests.test_phase234" name="test_auth_me_user_not_super_admin" time="0.134" /><testcase classname="backend.tests.test_phase234" name="test_orgs_me_empty_for_new_user" time="10.167" /><testcase classname="backend.tests.test_phase234" name="test_create_org_user_becomes_admin" time="7.459" /><testcase classname="backend.tests.test_phase234" name="test_create_org_second_time_fails" time="0.205" /><testcase classname="backend.tests.test_phase234" name="test_non_member_gets_403_on_kpis" time="0.130" /><testcase classname="backend.tests.test_phase234" name="test_super_admin_bypass_can_view_kpis" time="0.123" /><testcase classname="backend.tests.test_phase234" name="test_patch_org_admin_only" time="10.320" /><testcase classname="backend.tests.test_phase234" name="test_invite_admin_only_and_token_generated" time="0.241" /><testcase classname="backend.tests.test_phase234" name="test_accept_invite_user2_joins" time="0.247" /><testcase classname="backend.tests.test_phase234" name="test_accept_invite_twice_fails" time="0.114" /><testcase classname="backend.tests.test_phase234" name="test_list_members_includes_both" time="0.113" /><testcase classname="backend.tests.test_phase234" name="test_non_admin_member_cannot_invite" time="0.138" /><testcase classname="backend.tests.test_phase234" name="test_dataroom_add_list_delete" time="0.505" /><testcase classname="backend.tests.test_phase234" name="test_org_kpis_structure" time="0.150" /><testcase classname="backend.tests.test_phase234" name="test_remove_member_admin_only_and_owner_protected" time="0.248" /><testcase classname="backend.tests.test_phase234" name="test_integrations_status_shape" time="0.122" /><testcase classname="backend.tests.test_phase234" name="test_twilio_call_400_without_keys" time="0.121" /><testcase classname="backend.tests.test_phase234" name="test_whatsapp_send_400_without_keys" time="0.110" /><testcase classname="backend.tests.test_phase234" name="test_gcal_auth_url_400_without_client_id" time="0.105" /><testcase classname="backend.tests.test_phase234" name="test_whatsapp_webhook_handshake_ok" time="0.118" /><testcase classname="backend.tests.test_phase234" name="test_whatsapp_webhook_handshake_wrong_token" time="0.106" /><testcase classname="backend.tests.test_phase234" name="test_whatsapp_webhook_post_stores_inbound" time="0.124" /><testcase classname="backend.tests.test_phase234" name="test_integrations_status_requires_auth" time="0.104" /></testsuite></testsuites>