<?xml version="1.0" encoding="utf-8"?><testsuites name="pytest tests"><testsuite name="pytest" errors="0" failures="0" skipped="0" tests="17" time="15.676" timestamp="2026-06-27T13:14:16.795658+00:00" hostname="agent-env-44a0f593-dee2-4bc8-9825-9851f0c9c3a8"><testcase classname="backend.tests.test_iteration_57.TestAuthRegression" name="test_send_email_code" time="1.007" /><testcase classname="backend.tests.test_iteration_57.TestAuthRegression" name="test_apple_bypass_login" time="0.045" /><testcase classname="backend.tests.test_iteration_57.TestDashboardCounters" name="test_dashboard_has_new_counter_fields" time="0.050" /><testcase classname="backend.tests.test_iteration_57.TestDashboardCounters" name="test_fresh_user_dashboard_counters_are_zero" time="0.303" /><testcase classname="backend.tests.test_iteration_57.TestProspectingListings" name="test_listings_no_placeholder" time="13.100" /><testcase classname="backend.tests.test_iteration_57.TestPromoCodes" name="test_redeem_unknown_code" time="0.050" /><testcase classname="backend.tests.test_iteration_57.TestPromoCodes" name="test_redeem_welcome30_success" time="0.047" /><testcase classname="backend.tests.test_iteration_57.TestPromoCodes" name="test_redeem_welcome30_twice_returns_409" time="0.092" /><testcase classname="backend.tests.test_iteration_57.TestPromoCodes" name="test_dashboard_has_pro_after_redeem" time="0.094" /><testcase classname="backend.tests.test_iteration_57.TestPromoCodes" name="test_vip_once_single_use" time="0.483" /><testcase classname="backend.tests.test_iteration_57.TestPromoCodes" name="test_redeem_requires_auth" time="0.042" /><testcase classname="backend.tests.test_iteration_57.TestV2Regression" name="test_endpoint_responds[/dashboard]" time="0.054" /><testcase classname="backend.tests.test_iteration_57.TestV2Regression" name="test_endpoint_responds[/cases]" time="0.045" /><testcase classname="backend.tests.test_iteration_57.TestV2Regression" name="test_endpoint_responds[/contacts]" time="0.047" /><testcase classname="backend.tests.test_iteration_57.TestV2Regression" name="test_endpoint_responds[/reminders]" time="0.047" /><testcase classname="backend.tests.test_iteration_57.TestV2Regression" name="test_endpoint_responds[/notes]" time="0.049" /><testcase classname="backend.tests.test_iteration_57.TestV2Regression" name="test_endpoint_responds[/referral/me]" time="0.053" /></testsuite></testsuites>