<?xml version="1.0" encoding="utf-8"?><testsuites name="pytest tests"><testsuite name="pytest" errors="0" failures="0" skipped="0" tests="14" time="3.717" timestamp="2026-03-01T23:56:50.047091+00:00" hostname="agent-env-7667ca67-5a52-4fbf-aa39-52d734fe9f24"><testcase classname="backend.tests.test_kolo_features.TestRegistration" name="test_register_success" time="0.189" /><testcase classname="backend.tests.test_kolo_features.TestRegistration" name="test_register_duplicate_email_fails" time="0.353" /><testcase classname="backend.tests.test_kolo_features.TestRegistration" name="test_register_short_password_fails" time="0.106" /><testcase classname="backend.tests.test_kolo_features.TestLogin" name="test_login_success" time="0.237" /><testcase classname="backend.tests.test_kolo_features.TestLogin" name="test_login_wrong_password_fails" time="0.283" /><testcase classname="backend.tests.test_kolo_features.TestLogin" name="test_login_nonexistent_user_fails" time="0.110" /><testcase classname="backend.tests.test_kolo_features.TestProspects" name="test_create_prospect" time="0.238" /><testcase classname="backend.tests.test_kolo_features.TestProspects" name="test_get_prospects_list" time="0.227" /><testcase classname="backend.tests.test_kolo_features.TestProspects" name="test_edit_prospect" time="0.464" /><testcase classname="backend.tests.test_kolo_features.TestBillingPortal" name="test_billing_portal_access" time="0.867" /><testcase classname="backend.tests.test_kolo_features.TestBillingPortal" name="test_billing_portal_requires_auth" time="0.108" /><testcase classname="backend.tests.test_kolo_features.TestAuthMe" name="test_auth_me_with_valid_token" time="0.241" /><testcase classname="backend.tests.test_kolo_features.TestAuthMe" name="test_auth_me_without_token" time="0.113" /><testcase classname="backend.tests.test_kolo_features.TestAuthMe" name="test_auth_me_with_invalid_token" time="0.111" /></testsuite></testsuites>