<?xml version="1.0" encoding="utf-8"?><testsuites name="pytest tests"><testsuite name="pytest" errors="4" failures="1" skipped="0" tests="14" time="3.771" timestamp="2026-03-01T23:56:13.639259+00:00" hostname="agent-env-7667ca67-5a52-4fbf-aa39-52d734fe9f24"><testcase classname="backend.tests.test_kolo_features.TestRegistration" name="test_register_success" time="0.176" /><testcase classname="backend.tests.test_kolo_features.TestRegistration" name="test_register_duplicate_email_fails" time="0.297"><failure message="AssertionError: assert ('existe déjà' in 'un compte existant utilise déjà cette adresse email' or 'already' in 'un compte existant utilise déjà cette adresse email')&#10; +  where 'un compte existant utilise déjà cette adresse email' = &lt;built-in method lower of str object at 0xfcb150cd1830&gt;()&#10; +    where &lt;built-in method lower of str object at 0xfcb150cd1830&gt; = 'Un compte existant utilise déjà cette adresse email'.lower&#10; +      where 'Un compte existant utilise déjà cette adresse email' = &lt;built-in method get of dict object at 0xfcb150d16f40&gt;('detail', '')&#10; +        where &lt;built-in method get of dict object at 0xfcb150d16f40&gt; = {'detail': 'Un compte existant utilise déjà cette adresse email'}.get&#10; +          where {'detail': 'Un compte existant utilise déjà cette adresse email'} = json()&#10; +            where json = &lt;Response [400]&gt;.json&#10; +  and   'un compte existant utilise déjà cette adresse email' = &lt;built-in method lower of str object at 0xfcb150cd2030&gt;()&#10; +    where &lt;built-in method lower of str object at 0xfcb150cd2030&gt; = 'Un compte existant utilise déjà cette adresse email'.lower&#10; +      where 'Un compte existant utilise déjà cette adresse email' = &lt;built-in method get of dict object at 0xfcb150d16180&gt;('detail', '')&#10; +        where &lt;built-in method get of dict object at 0xfcb150d16180&gt; = {'detail': 'Un compte existant utilise déjà cette adresse email'}.get&#10; +          where {'detail': 'Un compte existant utilise déjà cette adresse email'} = json()&#10; +            where json = &lt;Response [400]&gt;.json">backend/tests/test_kolo_features.py:61: in test_register_duplicate_email_fails
    assert "existe déjà" in response2.json().get("detail", "").lower() or "already" in response2.json().get("detail", "").lower()
E   AssertionError: assert ('existe déjà' in 'un compte existant utilise déjà cette adresse email' or 'already' in 'un compte existant utilise déjà cette adresse email')
E    +  where 'un compte existant utilise déjà cette adresse email' = &lt;built-in method lower of str object at 0xfcb150cd1830&gt;()
E    +    where &lt;built-in method lower of str object at 0xfcb150cd1830&gt; = 'Un compte existant utilise déjà cette adresse email'.lower
E    +      where 'Un compte existant utilise déjà cette adresse email' = &lt;built-in method get of dict object at 0xfcb150d16f40&gt;('detail', '')
E    +        where &lt;built-in method get of dict object at 0xfcb150d16f40&gt; = {'detail': 'Un compte existant utilise déjà cette adresse email'}.get
E    +          where {'detail': 'Un compte existant utilise déjà cette adresse email'} = json()
E    +            where json = &lt;Response [400]&gt;.json
E    +  and   'un compte existant utilise déjà cette adresse email' = &lt;built-in method lower of str object at 0xfcb150cd2030&gt;()
E    +    where &lt;built-in method lower of str object at 0xfcb150cd2030&gt; = 'Un compte existant utilise déjà cette adresse email'.lower
E    +      where 'Un compte existant utilise déjà cette adresse email' = &lt;built-in method get of dict object at 0xfcb150d16180&gt;('detail', '')
E    +        where &lt;built-in method get of dict object at 0xfcb150d16180&gt; = {'detail': 'Un compte existant utilise déjà cette adresse email'}.get
E    +          where {'detail': 'Un compte existant utilise déjà cette adresse email'} = json()
E    +            where json = &lt;Response [400]&gt;.json</failure></testcase><testcase classname="backend.tests.test_kolo_features.TestRegistration" name="test_register_short_password_fails" time="0.123" /><testcase classname="backend.tests.test_kolo_features.TestLogin" name="test_login_success" time="0.227" /><testcase classname="backend.tests.test_kolo_features.TestLogin" name="test_login_wrong_password_fails" time="0.112"><error message="failed on setup with &quot;assert 400 == 200&#10; +  where 400 = &lt;Response [400]&gt;.status_code&quot;">backend/tests/test_kolo_features.py:89: in setup_user
    assert response.status_code == 200
E   assert 400 == 200
E    +  where 400 = &lt;Response [400]&gt;.status_code</error></testcase><testcase classname="backend.tests.test_kolo_features.TestLogin" name="test_login_nonexistent_user_fails" time="0.133"><error message="failed on setup with &quot;assert 400 == 200&#10; +  where 400 = &lt;Response [400]&gt;.status_code&quot;">backend/tests/test_kolo_features.py:89: in setup_user
    assert response.status_code == 200
E   assert 400 == 200
E    +  where 400 = &lt;Response [400]&gt;.status_code</error></testcase><testcase classname="backend.tests.test_kolo_features.TestProspects" name="test_create_prospect" time="0.273" /><testcase classname="backend.tests.test_kolo_features.TestProspects" name="test_get_prospects_list" time="0.240" /><testcase classname="backend.tests.test_kolo_features.TestProspects" name="test_edit_prospect" time="0.164"><error message="failed on setup with &quot;assert 400 == 200&#10; +  where 400 = &lt;Response [400]&gt;.status_code&quot;">backend/tests/test_kolo_features.py:141: in setup_user_with_token
    assert register_response.status_code == 200
E   assert 400 == 200
E    +  where 400 = &lt;Response [400]&gt;.status_code</error></testcase><testcase classname="backend.tests.test_kolo_features.TestBillingPortal" name="test_billing_portal_access" time="0.965" /><testcase classname="backend.tests.test_kolo_features.TestBillingPortal" name="test_billing_portal_requires_auth" time="0.258" /><testcase classname="backend.tests.test_kolo_features.TestAuthMe" name="test_auth_me_with_valid_token" time="0.250" /><testcase classname="backend.tests.test_kolo_features.TestAuthMe" name="test_auth_me_without_token" time="0.210" /><testcase classname="backend.tests.test_kolo_features.TestAuthMe" name="test_auth_me_with_invalid_token" time="0.146"><error message="failed on setup with &quot;assert 400 == 200&#10; +  where 400 = &lt;Response [400]&gt;.status_code&quot;">backend/tests/test_kolo_features.py:264: in setup_user_with_token
    assert register_response.status_code == 200
E   assert 400 == 200
E    +  where 400 = &lt;Response [400]&gt;.status_code</error></testcase></testsuite></testsuites>