<?xml version="1.0" encoding="utf-8"?><testsuites name="pytest tests"><testsuite name="pytest" errors="0" failures="0" skipped="0" tests="11" time="2.402" timestamp="2026-03-26T15:39:26.056475+00:00" hostname="agent-env-44a0f593-dee2-4bc8-9825-9851f0c9c3a8"><testcase classname="backend.tests.test_p0_bugs.TestPROPlusFeatures" name="test_login_success" time="0.215" /><testcase classname="backend.tests.test_p0_bugs.TestPROPlusFeatures" name="test_current_plan_is_pro_plus" time="0.308" /><testcase classname="backend.tests.test_p0_bugs.TestPROPlusFeatures" name="test_budget_slider_feature_enabled" time="0.295" /><testcase classname="backend.tests.test_p0_bugs.TestPROPlusFeatures" name="test_sms_one_click_feature_enabled" time="0.302" /><testcase classname="backend.tests.test_p0_bugs.TestPROPlusFeatures" name="test_heat_score_feature_enabled" time="0.245" /><testcase classname="backend.tests.test_p0_bugs.TestPROPlusFeatures" name="test_roi_dashboard_feature_enabled" time="0.241" /><testcase classname="backend.tests.test_p0_bugs.TestPricingEndpoint" name="test_pricing_returns_starter_not_free" time="0.111" /><testcase classname="backend.tests.test_p0_bugs.TestPricingEndpoint" name="test_pricing_has_all_plans" time="0.121" /><testcase classname="backend.tests.test_p0_bugs.TestPricingEndpoint" name="test_pricing_eur_currency" time="0.118" /><testcase classname="backend.tests.test_p0_bugs.TestTrialEmailsEndpoint" name="test_trial_emails_endpoint_exists" time="0.142" /><testcase classname="backend.tests.test_p0_bugs.TestTrialEmailsEndpoint" name="test_trial_emails_requires_api_key" time="0.116" /></testsuite></testsuites>