<?xml version="1.0" encoding="utf-8"?><testsuites name="pytest tests"><testsuite name="pytest" errors="0" failures="0" skipped="0" tests="14" time="6.658" timestamp="2026-03-03T23:57:09.953039+00:00" hostname="agent-env-92a44cd5-a600-420f-865e-9bbe7e317bd4"><testcase classname="tests.test_phone_registration.TestPhoneRegistration" name="test_register_with_phone_success" time="0.616" /><testcase classname="tests.test_phone_registration.TestPhoneRegistration" name="test_register_without_phone_fails" time="0.137" /><testcase classname="tests.test_phone_registration.TestPhoneRegistration" name="test_register_with_invalid_phone_fails" time="0.113" /><testcase classname="tests.test_phone_registration.TestPhoneFormatting" name="test_phone_formatted_to_international" time="0.459" /><testcase classname="tests.test_phone_registration.TestUpdatePhone" name="test_update_phone_success" time="0.638" /><testcase classname="tests.test_phone_registration.TestUpdatePhone" name="test_update_phone_invalid_fails" time="0.474" /><testcase classname="tests.test_phone_registration.TestUpdatePhone" name="test_update_phone_requires_auth" time="0.824" /><testcase classname="tests.test_phone_registration.TestGetProfile" name="test_get_profile_returns_phone" time="0.468" /><testcase classname="tests.test_phone_registration.TestLoginFlow" name="test_login_success" time="0.470" /><testcase classname="tests.test_phone_registration.TestLoginFlow" name="test_login_wrong_password" time="0.429" /><testcase classname="tests.test_phone_registration.TestLoginFlow" name="test_login_nonexistent_user" time="0.457" /><testcase classname="tests.test_phone_registration.TestTodayTasks" name="test_today_tasks_endpoint" time="0.500" /><testcase classname="tests.test_phone_registration.TestTodayTasks" name="test_today_tasks_requires_auth" time="0.427" /><testcase classname="tests.test_phone_registration.TestTodayTasks" name="test_create_and_see_today_task" time="0.562" /></testsuite></testsuites>