<?xml version="1.0" encoding="utf-8"?><testsuites name="pytest tests"><testsuite name="pytest" errors="0" failures="0" skipped="0" tests="75" time="17.498" timestamp="2026-09-02T15:25:16.136069+00:00" hostname="agent-env-44a0f593-dee2-4bc8-9825-9851f0c9c3a8"><testcase classname="tests.test_d1_http.TestAppleConformite" name="test_post_organisations_not_allowed" time="0.762" /><testcase classname="tests.test_d1_http.TestAppleConformite" name="test_post_organisations_slash_not_allowed" time="0.203" /><testcase classname="tests.test_d1_http.TestInvitationCheckPublic" name="test_check_unknown_email_public" time="0.157" /><testcase classname="tests.test_d1_http.TestInvitationCheckPublic" name="test_check_invited_email_public" time="0.160" /><testcase classname="tests.test_d1_http.TestRBAC" name="test_non_directeur_403[GET-/d1/organisations/me-None]" time="0.655" /><testcase classname="tests.test_d1_http.TestRBAC" name="test_non_directeur_403[PATCH-/d1/organisations/me-body1]" time="0.119" /><testcase classname="tests.test_d1_http.TestRBAC" name="test_non_directeur_403[GET-/d1/invitations-None]" time="0.137" /><testcase classname="tests.test_d1_http.TestRBAC" name="test_non_directeur_403[POST-/d1/invitations-body3]" time="0.148" /><testcase classname="tests.test_d1_http.TestRBAC" name="test_non_directeur_403[GET-/d1/equipe-None]" time="0.158" /><testcase classname="tests.test_d1_http.TestRBAC" name="test_non_directeur_403[POST-/d1/opportunites/auto-reste-None]" time="0.181" /><testcase classname="tests.test_d1_http.TestRBAC" name="test_anonyme_401[GET-/d1/organisations/me-None]" time="0.140" /><testcase classname="tests.test_d1_http.TestRBAC" name="test_anonyme_401[PATCH-/d1/organisations/me-body1]" time="0.170" /><testcase classname="tests.test_d1_http.TestRBAC" name="test_anonyme_401[GET-/d1/invitations-None]" time="0.168" /><testcase classname="tests.test_d1_http.TestRBAC" name="test_anonyme_401[POST-/d1/invitations-body3]" time="0.134" /><testcase classname="tests.test_d1_http.TestRBAC" name="test_anonyme_401[GET-/d1/equipe-None]" time="0.146" /><testcase classname="tests.test_d1_http.TestRBAC" name="test_anonyme_401[POST-/d1/opportunites/auto-reste-None]" time="0.174" /><testcase classname="tests.test_d1_http.TestOrganisationMe" name="test_get_me" time="0.189" /><testcase classname="tests.test_d1_http.TestOrganisationMe" name="test_patch_and_persist" time="0.419" /><testcase classname="tests.test_d1_http.TestOrganisationMe" name="test_patch_empty_400" time="0.152" /><testcase classname="tests.test_d1_http.TestOrganisationMe" name="test_patch_mode_invalide_422" time="0.167" /><testcase classname="tests.test_d1_http.TestOrganisationMe" name="test_patch_zone_invalide_422" time="0.164" /><testcase classname="tests.test_d1_http.TestInvitations" name="test_create_list_relancer_annuler" time="1.197" /><testcase classname="tests.test_d1_http.TestInvitations" name="test_email_invalide_422" time="0.129" /><testcase classname="tests.test_d1_http.TestInvitations" name="test_plafond_sieges_402" time="0.743" /><testcase classname="tests.test_d1_http.TestInvitations" name="test_deja_membre_409" time="0.157" /><testcase classname="tests.test_d1_http.TestInvitations" name="test_invitation_autre_orga_404" time="0.153" /><testcase classname="tests.test_d1_http.TestAttribution" name="test_attribuer_unitaire" time="0.137" /><testcase classname="tests.test_d1_http.TestAttribution" name="test_attribuer_membre_hors_orga_400" time="0.157" /><testcase classname="tests.test_d1_http.TestAttribution" name="test_attribuer_opp_autre_orga_404" time="0.144" /><testcase classname="tests.test_d1_http.TestAttribution" name="test_attribuer_lot_ignore_hors_orga" time="0.254" /><testcase classname="tests.test_d1_http.TestAttribution" name="test_auto_reste_round_robin" time="0.158" /><testcase classname="tests.test_d1_http.TestAttribution" name="test_retirer_refuse_409[a_demarcher]" time="0.182" /><testcase classname="tests.test_d1_http.TestAttribution" name="test_retirer_refuse_409[demarchee]" time="0.178" /><testcase classname="tests.test_d1_http.TestAttribution" name="test_retirer_refuse_409[mandat_signe]" time="0.148" /><testcase classname="tests.test_d1_http.TestAttribution" name="test_retirer_refuse_409[abandon]" time="0.128" /><testcase classname="tests.test_d1_http.TestAttribution" name="test_retirer_ok_si_proposee" time="0.142" /><testcase classname="tests.test_d1_http.TestEquipe" name="test_liste_equipe" time="0.131" /><testcase classname="tests.test_d1_http.TestEquipe" name="test_equipe_periode_semaine" time="0.144" /><testcase classname="tests.test_d1_http.TestEquipe" name="test_retirer_conseiller_6_regles" time="0.148" /><testcase classname="tests.test_d1_http.TestEquipe" name="test_retirer_self_400" time="0.127" /><testcase classname="tests.test_d1_http.TestEquipe" name="test_retirer_membre_autre_orga_404" time="0.144" /><testcase classname="tests.test_d1_http.TestSignupAttach" name="test_register_email_invite_devient_conseiller" time="0.819" /><testcase classname="tests.test_d1_http.TestSignupAttach" name="test_email_code_signup_invite_devient_conseiller" time="0.559" /><testcase classname="tests.test_d1_http.TestOnboardingRole" name="test_statut_declare_directeur_ne_donne_pas_le_role" time="0.783" /><testcase classname="tests.test_d1" name="test_no_post_organisations_endpoint_exposed" time="2.554" /><testcase classname="tests.test_d1" name="test_d1_routes_scope_conforme" time="0.000" /><testcase classname="tests.test_d1" name="test_onboarding_profil_role_toujours_independant" time="0.000" /><testcase classname="tests.test_d1" name="test_attach_conseiller_if_invited_ok" time="0.010" /><testcase classname="tests.test_d1" name="test_attach_conseiller_expiree_ignore" time="0.007" /><testcase classname="tests.test_d1" name="test_attach_conseiller_plafond_sieges" time="0.006" /><testcase classname="tests.test_d1" name="test_distribution_round_robin_equilibre" time="0.010" /><testcase classname="tests.test_d1" name="test_retrait_conseiller_regles_metier" time="0.008" /><testcase classname="tests.test_d1" name="test_check_email_invited_ok" time="0.006" /><testcase classname="tests.test_apple_compliance" name="test_no_stripe_or_agency_price_in_frontend" time="0.018" /><testcase classname="tests.test_apple_compliance" name="test_no_agency_creation_flow_in_frontend" time="0.009" /><testcase classname="tests.test_d1_frontend_static" name="test_i18n_d1_file_exists" time="0.000" /><testcase classname="tests.test_d1_frontend_static" name="test_i18n_d1_parite_fr_en_it_de" time="0.029" /><testcase classname="tests.test_d1_frontend_static" name="test_pas_de_post_organisations_dans_b1api" time="0.000" /><testcase classname="tests.test_d1_frontend_static" name="test_pas_de_stripe_ni_prix_agence_dans_b1" time="0.004" /><testcase classname="tests.test_d1_frontend_static" name="test_pas_de_creation_agence_dans_b1" time="0.004" /><testcase classname="tests.test_d1_frontend_static" name="test_routes_directeur_declarees" time="0.009" /><testcase classname="tests.test_d1_regression_65.TestInvitationsFiltre" name="test_liste_masque_annulee_et_acceptee" time="0.692" /><testcase classname="tests.test_d1_regression_65.TestInvitationsFiltre" name="test_delete_puis_get_ne_reapparait_pas" time="0.851" /><testcase classname="tests.test_d1_regression_65.TestSiegesPlancher" name="test_retrait_ne_descend_pas_sous_zero" time="0.674" /><testcase classname="tests.test_d1_regression_65.TestSiegesPlancher" name="test_retrait_normal_decremente" time="0.738" /><testcase classname="tests.test_i18n_coverage" name="test_i18n_dossier_toutes_langues_couvrent_fr" time="0.004" /><testcase classname="tests.test_i18n_coverage" name="test_i18n_estimation_toutes_langues_couvrent_fr" time="0.001" /><testcase classname="tests.test_i18n_coverage" name="test_i18n_report_coverage_count" time="0.004" /><testcase classname="tests.test_b1_onboarding" name="test_ville_resolver_paris_marseille_lyon" time="0.001" /><testcase classname="tests.test_b1_onboarding" name="test_ensure_b1_bootstrap_seeds_demo" time="0.008" /><testcase classname="tests.test_b1_onboarding" name="test_completude_pro_calcul" time="0.001" /><testcase classname="tests.test_b1_onboarding" name="test_zone_couverte_check_demo_toujours_ok" time="0.001" /><testcase classname="tests.test_b1_onboarding" name="test_zone_non_couverte_est_enregistree_zones_demandees" time="0.008" /><testcase classname="tests.test_b1_onboarding" name="test_regle_decouverte_1_seule_modif" time="0.001" /><testcase classname="tests.test_b1_onboarding" name="test_infos_pro_defaults_grille_ponderation" time="0.001" /></testsuite></testsuites>