<?xml version="1.0" encoding="utf-8"?><testsuites name="pytest tests"><testsuite name="pytest" errors="0" failures="2" skipped="0" tests="61" time="15.217" timestamp="2026-09-02T15:12:57.855620+00:00" hostname="agent-env-44a0f593-dee2-4bc8-9825-9851f0c9c3a8"><testcase classname="tests.test_d1" name="test_no_post_organisations_endpoint_exposed" time="3.043" /><testcase classname="tests.test_d1" name="test_d1_routes_scope_conforme" time="0.000" /><testcase classname="tests.test_d1" name="test_onboarding_profil_role_toujours_independant" time="0.000" /><testcase classname="tests.test_d1" name="test_attach_conseiller_if_invited_ok" time="0.047" /><testcase classname="tests.test_d1" name="test_attach_conseiller_expiree_ignore" time="0.009" /><testcase classname="tests.test_d1" name="test_attach_conseiller_plafond_sieges" time="0.009" /><testcase classname="tests.test_d1" name="test_distribution_round_robin_equilibre" time="0.014" /><testcase classname="tests.test_d1" name="test_retrait_conseiller_regles_metier" time="0.091" /><testcase classname="tests.test_d1" name="test_check_email_invited_ok" time="0.009" /><testcase classname="tests.test_apple_compliance" name="test_no_stripe_or_agency_price_in_frontend" time="0.026" /><testcase classname="tests.test_apple_compliance" name="test_no_agency_creation_flow_in_frontend" time="0.011" /><testcase classname="tests.test_d1_http.TestAppleConformite" name="test_post_organisations_not_allowed" time="0.879" /><testcase classname="tests.test_d1_http.TestAppleConformite" name="test_post_organisations_slash_not_allowed" time="0.138" /><testcase classname="tests.test_d1_http.TestInvitationCheckPublic" name="test_check_unknown_email_public" time="0.178" /><testcase classname="tests.test_d1_http.TestInvitationCheckPublic" name="test_check_invited_email_public" time="0.158" /><testcase classname="tests.test_d1_http.TestRBAC" name="test_non_directeur_403[GET-/d1/organisations/me-None]" time="0.732" /><testcase classname="tests.test_d1_http.TestRBAC" name="test_non_directeur_403[PATCH-/d1/organisations/me-body1]" time="0.126" /><testcase classname="tests.test_d1_http.TestRBAC" name="test_non_directeur_403[GET-/d1/invitations-None]" time="0.135" /><testcase classname="tests.test_d1_http.TestRBAC" name="test_non_directeur_403[POST-/d1/invitations-body3]" time="0.166" /><testcase classname="tests.test_d1_http.TestRBAC" name="test_non_directeur_403[GET-/d1/equipe-None]" time="0.131" /><testcase classname="tests.test_d1_http.TestRBAC" name="test_non_directeur_403[POST-/d1/opportunites/auto-reste-None]" time="0.159" /><testcase classname="tests.test_d1_http.TestRBAC" name="test_anonyme_401[GET-/d1/organisations/me-None]" time="0.165" /><testcase classname="tests.test_d1_http.TestRBAC" name="test_anonyme_401[PATCH-/d1/organisations/me-body1]" time="0.158" /><testcase classname="tests.test_d1_http.TestRBAC" name="test_anonyme_401[GET-/d1/invitations-None]" time="0.132" /><testcase classname="tests.test_d1_http.TestRBAC" name="test_anonyme_401[POST-/d1/invitations-body3]" time="0.132" /><testcase classname="tests.test_d1_http.TestRBAC" name="test_anonyme_401[GET-/d1/equipe-None]" time="0.143" /><testcase classname="tests.test_d1_http.TestRBAC" name="test_anonyme_401[POST-/d1/opportunites/auto-reste-None]" time="0.127" /><testcase classname="tests.test_d1_http.TestOrganisationMe" name="test_get_me" time="0.236" /><testcase classname="tests.test_d1_http.TestOrganisationMe" name="test_patch_and_persist" time="0.429" /><testcase classname="tests.test_d1_http.TestOrganisationMe" name="test_patch_empty_400" time="0.168" /><testcase classname="tests.test_d1_http.TestOrganisationMe" name="test_patch_mode_invalide_422" time="0.142" /><testcase classname="tests.test_d1_http.TestOrganisationMe" name="test_patch_zone_invalide_422" time="0.162" /><testcase classname="tests.test_d1_http.TestInvitations" name="test_create_list_relancer_annuler" time="1.164" /><testcase classname="tests.test_d1_http.TestInvitations" name="test_email_invalide_422" time="0.147" /><testcase classname="tests.test_d1_http.TestInvitations" name="test_plafond_sieges_402" time="0.839" /><testcase classname="tests.test_d1_http.TestInvitations" name="test_deja_membre_409" time="0.164" /><testcase classname="tests.test_d1_http.TestInvitations" name="test_invitation_autre_orga_404" time="0.162" /><testcase classname="tests.test_d1_http.TestAttribution" name="test_attribuer_unitaire" time="0.126" /><testcase classname="tests.test_d1_http.TestAttribution" name="test_attribuer_membre_hors_orga_400" time="0.143" /><testcase classname="tests.test_d1_http.TestAttribution" name="test_attribuer_opp_autre_orga_404" time="0.157" /><testcase classname="tests.test_d1_http.TestAttribution" name="test_attribuer_lot_ignore_hors_orga" time="0.149" /><testcase classname="tests.test_d1_http.TestAttribution" name="test_auto_reste_round_robin" time="0.147" /><testcase classname="tests.test_d1_http.TestAttribution" name="test_retirer_refuse_409[a_demarcher]" time="0.150" /><testcase classname="tests.test_d1_http.TestAttribution" name="test_retirer_refuse_409[demarchee]" time="0.169" /><testcase classname="tests.test_d1_http.TestAttribution" name="test_retirer_refuse_409[mandat_signe]" time="0.132" /><testcase classname="tests.test_d1_http.TestAttribution" name="test_retirer_refuse_409[abandon]" time="0.123" /><testcase classname="tests.test_d1_http.TestAttribution" name="test_retirer_ok_si_proposee" time="0.162" /><testcase classname="tests.test_d1_http.TestEquipe" name="test_liste_equipe" time="0.159" /><testcase classname="tests.test_d1_http.TestEquipe" name="test_equipe_periode_semaine" time="0.146" /><testcase classname="tests.test_d1_http.TestEquipe" name="test_retirer_conseiller_6_regles" time="0.169" /><testcase classname="tests.test_d1_http.TestEquipe" name="test_retirer_self_400" time="0.138" /><testcase classname="tests.test_d1_http.TestEquipe" name="test_retirer_membre_autre_orga_404" time="0.154" /><testcase classname="tests.test_d1_http.TestSignupAttach" name="test_register_email_invite_devient_conseiller" time="0.713"><failure message="KeyError: 'role'">self = &lt;test_d1_http.TestSignupAttach object at 0xfdbfd787dfd0&gt;
directeur = {'email': 'test_d1_b4f418067e@test.io', 'headers': {'Authorization': 'Bearer sess_0cc8f386c9fc47d880f8867f02033cf1'}, 'orga_id': ObjectId('6a983cfee9665c4a6a45e166'), 'token': 'sess_0cc8f386c9fc47d880f8867f02033cf1', ...}
mdb = Database(MongoClient(host=['localhost:27017'], document_class=dict, tz_aware=False, connect=True), 'test_database')

    def test_register_email_invite_devient_conseiller(self, directeur, mdb):
        """POST /api/auth/register avec un email invité → conseiller rattaché."""
        email = f"test_reg_{uuid.uuid4().hex[:8]}@test.io"
        mdb.invitations.insert_one({
            "organisation_id": directeur["orga_id"], "email": email, "statut": "envoyee",
            "date_envoi": datetime.now(timezone.utc).isoformat(),
            "date_expiration": (datetime.now(timezone.utc) + timedelta(days=14)).isoformat(),
        })
        before = mdb.organisations.find_one({"_id": directeur["orga_id"]})["sieges_utilises"]
        r = requests.post(f"{API}/auth/register", json={
            "email": email, "password": "Test1234!", "full_name": "Test Conseiller",
            "phone": "0612345678", "country_code": "FR",
        }, timeout=30)
        assert r.status_code == 200, f"register: {r.status_code} {r.text[:300]}"
        u = mdb.users.find_one({"email": email})
        assert u is not None
&gt;       assert u["role"] == "conseiller"
               ^^^^^^^^^
E       KeyError: 'role'

tests/test_d1_http.py:510: KeyError</failure></testcase><testcase classname="tests.test_d1_http.TestSignupAttach" name="test_email_code_signup_invite_devient_conseiller" time="0.506"><failure message="AssertionError: role=independant — le hook attach_conseiller_if_invited n'est pas branché sur /api/v2/auth/verify-email-code (chemin de signup de l'app)&#10;assert 'independant' == 'conseiller'&#10;  &#10;  - conseiller&#10;  + independant">self = &lt;test_d1_http.TestSignupAttach object at 0xfdbfd787e350&gt;
directeur = {'email': 'test_d1_b4f418067e@test.io', 'headers': {'Authorization': 'Bearer sess_0cc8f386c9fc47d880f8867f02033cf1'}, 'orga_id': ObjectId('6a983cfee9665c4a6a45e166'), 'token': 'sess_0cc8f386c9fc47d880f8867f02033cf1', ...}
mdb = Database(MongoClient(host=['localhost:27017'], document_class=dict, tz_aware=False, connect=True), 'test_database')

    def test_email_code_signup_invite_devient_conseiller(self, directeur, mdb):
        """Chemin réel de l'app iOS (v2 email-code) : un email invité doit
        également être rattaché comme conseiller."""
        email = f"test_ec_{uuid.uuid4().hex[:8]}@test.io"
        mdb.invitations.insert_one({
            "organisation_id": directeur["orga_id"], "email": email, "statut": "envoyee",
            "date_envoi": datetime.now(timezone.utc).isoformat(),
            "date_expiration": (datetime.now(timezone.utc) + timedelta(days=14)).isoformat(),
        })
        _new_session_user(email)
        u = mdb.users.find_one({"email": email})
        assert u is not None
        try:
&gt;           assert u.get("role") == "conseiller", (
                f"role={u.get('role')} — le hook attach_conseiller_if_invited n'est pas "
                "branché sur /api/v2/auth/verify-email-code (chemin de signup de l'app)"
            )
E           AssertionError: role=independant — le hook attach_conseiller_if_invited n'est pas branché sur /api/v2/auth/verify-email-code (chemin de signup de l'app)
E           assert 'independant' == 'conseiller'
E             
E             - conseiller
E             + independant

tests/test_d1_http.py:535: AssertionError</failure></testcase><testcase classname="tests.test_d1_http.TestOnboardingRole" name="test_statut_declare_directeur_ne_donne_pas_le_role" time="0.830" /><testcase classname="tests.test_d1_frontend_static" name="test_i18n_d1_file_exists" time="0.000" /><testcase classname="tests.test_d1_frontend_static" name="test_i18n_d1_parite_fr_en_it_de" time="0.043" /><testcase classname="tests.test_d1_frontend_static" name="test_pas_de_post_organisations_dans_b1api" time="0.000" /><testcase classname="tests.test_d1_frontend_static" name="test_pas_de_stripe_ni_prix_agence_dans_b1" time="0.004" /><testcase classname="tests.test_d1_frontend_static" name="test_pas_de_creation_agence_dans_b1" time="0.004" /><testcase classname="tests.test_d1_frontend_static" name="test_routes_directeur_declarees" time="0.010" /></testsuite></testsuites>