<?xml version="1.0" encoding="utf-8"?><testsuites name="pytest tests"><testsuite name="pytest" errors="0" failures="0" skipped="0" tests="22" time="7.270" timestamp="2026-02-16T21:10:38.426316+00:00" hostname="agent-env-5da272be-7f9d-4cc7-9e36-409138f68578"><testcase classname="tests.test_kolo_crm.TestHealthAndGeo" name="test_api_root" time="0.259" /><testcase classname="tests.test_kolo_crm.TestHealthAndGeo" name="test_geo_pricing_usd" time="0.107" /><testcase classname="tests.test_kolo_crm.TestHealthAndGeo" name="test_geo_pricing_eur" time="0.150" /><testcase classname="tests.test_kolo_crm.TestAuthentication" name="test_login_success" time="0.205" /><testcase classname="tests.test_kolo_crm.TestAuthentication" name="test_login_invalid_password" time="0.284" /><testcase classname="tests.test_kolo_crm.TestAuthentication" name="test_login_invalid_email" time="0.158" /><testcase classname="tests.test_kolo_crm.TestTasks" name="test_get_tasks_today" time="0.271" /><testcase classname="tests.test_kolo_crm.TestTasks" name="test_get_all_tasks" time="0.062" /><testcase classname="tests.test_kolo_crm.TestTasks" name="test_create_task_today" time="0.205" /><testcase classname="tests.test_kolo_crm.TestTasks" name="test_create_task_past" time="0.133" /><testcase classname="tests.test_kolo_crm.TestTasks" name="test_create_task_future" time="0.084" /><testcase classname="tests.test_kolo_crm.TestTasks" name="test_complete_task" time="0.255" /><testcase classname="tests.test_kolo_crm.TestTasks" name="test_today_tasks_excludes_completed" time="0.127" /><testcase classname="tests.test_kolo_crm.TestProspects" name="test_get_prospects" time="0.620" /><testcase classname="tests.test_kolo_crm.TestProspects" name="test_create_prospect" time="0.076" /><testcase classname="tests.test_kolo_crm.TestProspects" name="test_get_single_prospect" time="0.148" /><testcase classname="tests.test_kolo_crm.TestProspects" name="test_update_prospect_status_to_closed" time="0.297" /><testcase classname="tests.test_kolo_crm.TestProspects" name="test_update_prospect_status_to_lost" time="0.889" /><testcase classname="tests.test_kolo_crm.TestProspects" name="test_prospects_exclude_closed_and_lost" time="0.067" /><testcase classname="tests.test_kolo_crm.TestTaskProspectIntegration" name="test_create_task_for_prospect" time="0.416" /><testcase classname="tests.test_kolo_crm.TestCleanup" name="test_cleanup_test_tasks" time="1.643" /><testcase classname="tests.test_kolo_crm.TestCleanup" name="test_cleanup_test_prospects" time="0.677" /></testsuite></testsuites>