<?xml version="1.0" encoding="utf-8"?><testsuites name="pytest tests"><testsuite name="pytest" errors="0" failures="7" skipped="0" tests="32" time="3.093" timestamp="2026-03-26T11:27:41.180875+00:00" hostname="agent-env-44a0f593-dee2-4bc8-9825-9851f0c9c3a8"><testcase classname="backend.tests.test_subscription_plans.TestPricingEndpoint" name="test_pricing_returns_200" time="0.183" /><testcase classname="backend.tests.test_subscription_plans.TestPricingEndpoint" name="test_pricing_default_currency_eur" time="0.044" /><testcase classname="backend.tests.test_subscription_plans.TestPricingEndpoint" name="test_pricing_eur_currency" time="0.044" /><testcase classname="backend.tests.test_subscription_plans.TestPricingEndpoint" name="test_pricing_usd_currency" time="0.045" /><testcase classname="backend.tests.test_subscription_plans.TestPricingEndpoint" name="test_pricing_gbp_currency" time="0.058" /><testcase classname="backend.tests.test_subscription_plans.TestPricingEndpoint" name="test_pricing_has_three_plans" time="0.050" /><testcase classname="backend.tests.test_subscription_plans.TestCurrentPlanEndpoint" name="test_current_plan_requires_auth" time="0.114" /><testcase classname="backend.tests.test_subscription_plans.TestCurrentPlanEndpoint" name="test_current_plan_returns_user_plan" time="0.106" /><testcase classname="backend.tests.test_subscription_plans.TestCurrentPlanEndpoint" name="test_current_plan_has_features" time="0.051" /><testcase classname="backend.tests.test_subscription_plans.TestCurrentPlanEndpoint" name="test_current_plan_has_limits" time="0.061" /><testcase classname="backend.tests.test_subscription_plans.TestStartTrialEndpoint" name="test_start_trial_requires_auth" time="0.109" /><testcase classname="backend.tests.test_subscription_plans.TestStartTrialEndpoint" name="test_start_trial_invalid_plan" time="0.106" /><testcase classname="backend.tests.test_subscription_plans.TestStartTrialEndpoint" name="test_start_trial_valid_plans" time="0.053" /><testcase classname="backend.tests.test_subscription_plans.TestCheckFeatureEndpoint" name="test_check_feature_requires_auth" time="0.104" /><testcase classname="backend.tests.test_subscription_plans.TestCheckFeatureEndpoint" name="test_check_feature_heat_score" time="0.092" /><testcase classname="backend.tests.test_subscription_plans.TestCheckFeatureEndpoint" name="test_check_feature_sms_one_click" time="0.051" /><testcase classname="backend.tests.test_subscription_plans.TestCheckFeatureEndpoint" name="test_check_feature_roi_dashboard" time="0.049" /><testcase classname="backend.tests.test_subscription_plans.TestAIGenerateSMSEndpoint" name="test_generate_sms_requires_auth" time="0.127"><failure message="assert 500 == 401&#10; +  where 500 = &lt;Response [500]&gt;.status_code">backend/tests/test_subscription_plans.py:261: in test_generate_sms_requires_auth
    assert response.status_code == 401
E   assert 500 == 401
E    +  where 500 = &lt;Response [500]&gt;.status_code</failure></testcase><testcase classname="backend.tests.test_subscription_plans.TestAIGenerateSMSEndpoint" name="test_generate_sms_returns_message" time="0.094"><failure message="KeyError: 0">backend/tests/test_subscription_plans.py:271: in test_generate_sms_returns_message
    prospect_id = prospects[0]["prospect_id"]
                  ^^^^^^^^^^^^
E   KeyError: 0</failure></testcase><testcase classname="backend.tests.test_subscription_plans.TestInteractionsEndpoint" name="test_create_interaction_requires_auth" time="0.133" /><testcase classname="backend.tests.test_subscription_plans.TestInteractionsEndpoint" name="test_create_interaction" time="0.095"><failure message="KeyError: 0">backend/tests/test_subscription_plans.py:316: in test_create_interaction
    prospect_id = prospects[0]["prospect_id"]
                  ^^^^^^^^^^^^
E   KeyError: 0</failure></testcase><testcase classname="backend.tests.test_subscription_plans.TestInteractionsEndpoint" name="test_get_interactions_requires_auth" time="0.044"><failure message="assert 403 == 401&#10; +  where 403 = &lt;Response [403]&gt;.status_code">backend/tests/test_subscription_plans.py:344: in test_get_interactions_requires_auth
    assert response.status_code == 401
E   assert 403 == 401
E    +  where 403 = &lt;Response [403]&gt;.status_code</failure></testcase><testcase classname="backend.tests.test_subscription_plans.TestInteractionsEndpoint" name="test_get_interactions_for_prospect" time="0.046"><failure message="KeyError: 0">backend/tests/test_subscription_plans.py:353: in test_get_interactions_for_prospect
    prospect_id = prospects[0]["prospect_id"]
                  ^^^^^^^^^^^^
E   KeyError: 0</failure></testcase><testcase classname="backend.tests.test_subscription_plans.TestHeatScoreEndpoint" name="test_calculate_heat_requires_auth" time="0.102" /><testcase classname="backend.tests.test_subscription_plans.TestHeatScoreEndpoint" name="test_calculate_heat_score" time="0.110"><failure message="KeyError: 0">backend/tests/test_subscription_plans.py:385: in test_calculate_heat_score
    prospect_id = prospects[0]["prospect_id"]
                  ^^^^^^^^^^^^
E   KeyError: 0</failure></testcase><testcase classname="backend.tests.test_subscription_plans.TestMarkAsSoldEndpoint" name="test_mark_sold_requires_auth" time="0.108" /><testcase classname="backend.tests.test_subscription_plans.TestMarkAsSoldEndpoint" name="test_mark_sold_requires_commission" time="0.099"><failure message="KeyError: 0">backend/tests/test_subscription_plans.py:422: in test_mark_sold_requires_commission
    prospect_id = prospects[0]["prospect_id"]
                  ^^^^^^^^^^^^
E   KeyError: 0</failure></testcase><testcase classname="backend.tests.test_subscription_plans.TestROIDashboardEndpoint" name="test_roi_dashboard_requires_auth" time="0.095" /><testcase classname="backend.tests.test_subscription_plans.TestROIDashboardEndpoint" name="test_roi_dashboard_returns_data" time="0.096" /><testcase classname="backend.tests.test_subscription_plans.TestWeeklyReportEndpoint" name="test_weekly_report_requires_auth" time="0.174" /><testcase classname="backend.tests.test_subscription_plans.TestWeeklyReportEndpoint" name="test_weekly_report_generation" time="0.097" /><testcase classname="backend.tests.test_subscription_plans.TestAuthMeWithPlanInfo" name="test_auth_me_includes_plan_info" time="0.149" /></testsuite></testsuites>