<?xml version="1.0" encoding="utf-8"?><testsuites name="pytest tests"><testsuite name="pytest" errors="0" failures="0" skipped="0" tests="16" time="20.146" timestamp="2026-06-22T10:38:34.411476+00:00" hostname="agent-env-44a0f593-dee2-4bc8-9825-9851f0c9c3a8"><testcase classname="backend.tests.test_v2_audit" name="test_referral_info_valid" time="0.262" /><testcase classname="backend.tests.test_v2_audit" name="test_referral_info_invalid" time="0.046" /><testcase classname="backend.tests.test_v2_audit" name="test_referral_auto_attribution_on_signup" time="0.705" /><testcase classname="backend.tests.test_v2_audit" name="test_me" time="0.158" /><testcase classname="backend.tests.test_v2_audit" name="test_dashboard" time="0.166" /><testcase classname="backend.tests.test_v2_audit" name="test_onboarding_save_and_get" time="0.178" /><testcase classname="backend.tests.test_v2_audit" name="test_reminder_crud" time="0.295" /><testcase classname="backend.tests.test_v2_audit" name="test_note_crud" time="1.823" /><testcase classname="backend.tests.test_v2_audit" name="test_contact_crud" time="0.241" /><testcase classname="backend.tests.test_v2_audit" name="test_case_crud" time="0.235" /><testcase classname="backend.tests.test_v2_audit" name="test_referral_me" time="0.106" /><testcase classname="backend.tests.test_v2_audit" name="test_ai_chat_global_context" time="7.046" /><testcase classname="backend.tests.test_v2_audit" name="test_ai_daily_tip" time="8.076" /><testcase classname="backend.tests.test_v2_audit" name="test_prospecting_listings_placeholder" time="0.127" /><testcase classname="backend.tests.test_v2_audit" name="test_prospecting_dpe" time="0.534" /><testcase classname="backend.tests.test_v2_audit" name="test_unauthenticated_dashboard" time="0.046" /></testsuite></testsuites>